mode: atomic
github.com/grethel-labs/kubelink-usb/api/v1alpha1/usbbackup_types.go:67.13,69.2 1 1
github.com/grethel-labs/kubelink-usb/api/v1alpha1/usbbackupconfig_types.go:98.13,100.2 1 1
github.com/grethel-labs/kubelink-usb/api/v1alpha1/usbconnection_types.go:82.13,84.2 1 1
github.com/grethel-labs/kubelink-usb/api/v1alpha1/usbdevice_types.go:82.13,84.2 1 1
github.com/grethel-labs/kubelink-usb/api/v1alpha1/usbdeviceapproval_types.go:74.13,76.2 1 1
github.com/grethel-labs/kubelink-usb/api/v1alpha1/usbdevicepolicy_types.go:86.13,88.2 1 1
github.com/grethel-labs/kubelink-usb/api/v1alpha1/usbdevicewhitelist_types.go:57.13,59.2 1 1
github.com/grethel-labs/kubelink-usb/api/v1alpha1/usbrestore_types.go:91.13,93.2 1 1
github.com/grethel-labs/kubelink-usb/api/v1alpha1/zz_generated.deepcopy.go:12.59,18.2 5 4
github.com/grethel-labs/kubelink-usb/api/v1alpha1/zz_generated.deepcopy.go:20.52,21.15 1 3
github.com/grethel-labs/kubelink-usb/api/v1alpha1/zz_generated.deepcopy.go:21.15,23.3 1 1
github.com/grethel-labs/kubelink-usb/api/v1alpha1/zz_generated.deepcopy.go:24.2,26.12 3 2
github.com/grethel-labs/kubelink-usb/api/v1alpha1/zz_generated.deepcopy.go:29.58,29.82 1 1
github.com/grethel-labs/kubelink-usb/api/v1alpha1/zz_generated.deepcopy.go:31.77,31.91 1 2
github.com/grethel-labs/kubelink-usb/api/v1alpha1/zz_generated.deepcopy.go:32.70,33.15 1 2
github.com/grethel-labs/kubelink-usb/api/v1alpha1/zz_generated.deepcopy.go:33.15,35.3 1 1
github.com/grethel-labs/kubelink-usb/api/v1alpha1/zz_generated.deepcopy.go:36.2,38.12 3 1
github.com/grethel-labs/kubelink-usb/api/v1alpha1/zz_generated.deepcopy.go:41.67,45.21 4 2
github.com/grethel-labs/kubelink-usb/api/v1alpha1/zz_generated.deepcopy.go:45.21,47.27 2 2
github.com/grethel-labs/kubelink-usb/api/v1alpha1/zz_generated.deepcopy.go:47.27,49.4 1 2
github.com/grethel-labs/kubelink-usb/api/v1alpha1/zz_generated.deepcopy.go:53.60,54.15 1 3
github.com/grethel-labs/kubelink-usb/api/v1alpha1/zz_generated.deepcopy.go:54.15,56.3 1 1
github.com/grethel-labs/kubelink-usb/api/v1alpha1/zz_generated.deepcopy.go:57.2,59.12 3 2
github.com/grethel-labs/kubelink-usb/api/v1alpha1/zz_generated.deepcopy.go:62.62,62.86 1 1
github.com/grethel-labs/kubelink-usb/api/v1alpha1/zz_generated.deepcopy.go:64.81,66.27 2 6
github.com/grethel-labs/kubelink-usb/api/v1alpha1/zz_generated.deepcopy.go:66.27,68.36 2 6
github.com/grethel-labs/kubelink-usb/api/v1alpha1/zz_generated.deepcopy.go:68.36,70.4 1 6
github.com/grethel-labs/kubelink-usb/api/v1alpha1/zz_generated.deepcopy.go:74.74,75.15 1 2
github.com/grethel-labs/kubelink-usb/api/v1alpha1/zz_generated.deepcopy.go:75.15,77.3 1 1
github.com/grethel-labs/kubelink-usb/api/v1alpha1/zz_generated.deepcopy.go:78.2,80.12 3 1
github.com/grethel-labs/kubelink-usb/api/v1alpha1/zz_generated.deepcopy.go:83.67,86.27 3 5
github.com/grethel-labs/kubelink-usb/api/v1alpha1/zz_generated.deepcopy.go:86.27,89.3 2 5
github.com/grethel-labs/kubelink-usb/api/v1alpha1/zz_generated.deepcopy.go:92.60,93.15 1 2
github.com/grethel-labs/kubelink-usb/api/v1alpha1/zz_generated.deepcopy.go:93.15,95.3 1 1
github.com/grethel-labs/kubelink-usb/api/v1alpha1/zz_generated.deepcopy.go:96.2,98.12 3 1
github.com/grethel-labs/kubelink-usb/api/v1alpha1/zz_generated.deepcopy.go:101.71,103.29 2 5
github.com/grethel-labs/kubelink-usb/api/v1alpha1/zz_generated.deepcopy.go:103.29,105.3 1 1
github.com/grethel-labs/kubelink-usb/api/v1alpha1/zz_generated.deepcopy.go:106.2,106.26 1 5
github.com/grethel-labs/kubelink-usb/api/v1alpha1/zz_generated.deepcopy.go:106.26,109.3 2 3
github.com/grethel-labs/kubelink-usb/api/v1alpha1/zz_generated.deepcopy.go:110.2,110.26 1 5
github.com/grethel-labs/kubelink-usb/api/v1alpha1/zz_generated.deepcopy.go:110.26,112.32 2 3
github.com/grethel-labs/kubelink-usb/api/v1alpha1/zz_generated.deepcopy.go:112.32,114.4 1 3
github.com/grethel-labs/kubelink-usb/api/v1alpha1/zz_generated.deepcopy.go:118.64,119.15 1 2
github.com/grethel-labs/kubelink-usb/api/v1alpha1/zz_generated.deepcopy.go:119.15,121.3 1 1
github.com/grethel-labs/kubelink-usb/api/v1alpha1/zz_generated.deepcopy.go:122.2,124.12 3 1
github.com/grethel-labs/kubelink-usb/api/v1alpha1/zz_generated.deepcopy.go:127.79,127.93 1 2
github.com/grethel-labs/kubelink-usb/api/v1alpha1/zz_generated.deepcopy.go:128.72,129.15 1 2
github.com/grethel-labs/kubelink-usb/api/v1alpha1/zz_generated.deepcopy.go:129.15,131.3 1 1
github.com/grethel-labs/kubelink-usb/api/v1alpha1/zz_generated.deepcopy.go:132.2,134.12 3 1
github.com/grethel-labs/kubelink-usb/api/v1alpha1/zz_generated.deepcopy.go:137.51,143.2 5 4
github.com/grethel-labs/kubelink-usb/api/v1alpha1/zz_generated.deepcopy.go:145.44,146.15 1 3
github.com/grethel-labs/kubelink-usb/api/v1alpha1/zz_generated.deepcopy.go:146.15,148.3 1 1
github.com/grethel-labs/kubelink-usb/api/v1alpha1/zz_generated.deepcopy.go:149.2,151.12 3 2
github.com/grethel-labs/kubelink-usb/api/v1alpha1/zz_generated.deepcopy.go:154.54,154.78 1 1
github.com/grethel-labs/kubelink-usb/api/v1alpha1/zz_generated.deepcopy.go:156.67,162.2 5 4
github.com/grethel-labs/kubelink-usb/api/v1alpha1/zz_generated.deepcopy.go:164.60,165.15 1 3
github.com/grethel-labs/kubelink-usb/api/v1alpha1/zz_generated.deepcopy.go:165.15,167.3 1 1
github.com/grethel-labs/kubelink-usb/api/v1alpha1/zz_generated.deepcopy.go:168.2,170.12 3 2
github.com/grethel-labs/kubelink-usb/api/v1alpha1/zz_generated.deepcopy.go:173.62,173.86 1 1
github.com/grethel-labs/kubelink-usb/api/v1alpha1/zz_generated.deepcopy.go:175.79,175.93 1 6
github.com/grethel-labs/kubelink-usb/api/v1alpha1/zz_generated.deepcopy.go:176.72,177.15 1 2
github.com/grethel-labs/kubelink-usb/api/v1alpha1/zz_generated.deepcopy.go:177.15,179.3 1 1
github.com/grethel-labs/kubelink-usb/api/v1alpha1/zz_generated.deepcopy.go:180.2,182.12 3 1
github.com/grethel-labs/kubelink-usb/api/v1alpha1/zz_generated.deepcopy.go:185.85,185.99 1 2
github.com/grethel-labs/kubelink-usb/api/v1alpha1/zz_generated.deepcopy.go:186.78,187.15 1 2
github.com/grethel-labs/kubelink-usb/api/v1alpha1/zz_generated.deepcopy.go:187.15,189.3 1 1
github.com/grethel-labs/kubelink-usb/api/v1alpha1/zz_generated.deepcopy.go:190.2,192.12 3 1
github.com/grethel-labs/kubelink-usb/api/v1alpha1/zz_generated.deepcopy.go:195.75,199.21 4 2
github.com/grethel-labs/kubelink-usb/api/v1alpha1/zz_generated.deepcopy.go:199.21,201.27 2 2
github.com/grethel-labs/kubelink-usb/api/v1alpha1/zz_generated.deepcopy.go:201.27,203.4 1 2
github.com/grethel-labs/kubelink-usb/api/v1alpha1/zz_generated.deepcopy.go:207.68,208.15 1 3
github.com/grethel-labs/kubelink-usb/api/v1alpha1/zz_generated.deepcopy.go:208.15,210.3 1 1
github.com/grethel-labs/kubelink-usb/api/v1alpha1/zz_generated.deepcopy.go:211.2,213.12 3 2
github.com/grethel-labs/kubelink-usb/api/v1alpha1/zz_generated.deepcopy.go:216.66,216.90 1 1
github.com/grethel-labs/kubelink-usb/api/v1alpha1/zz_generated.deepcopy.go:218.85,218.99 1 2
github.com/grethel-labs/kubelink-usb/api/v1alpha1/zz_generated.deepcopy.go:219.78,220.15 1 2
github.com/grethel-labs/kubelink-usb/api/v1alpha1/zz_generated.deepcopy.go:220.15,222.3 1 1
github.com/grethel-labs/kubelink-usb/api/v1alpha1/zz_generated.deepcopy.go:223.2,225.12 3 1
github.com/grethel-labs/kubelink-usb/api/v1alpha1/zz_generated.deepcopy.go:228.75,231.25 3 6
github.com/grethel-labs/kubelink-usb/api/v1alpha1/zz_generated.deepcopy.go:231.25,234.3 2 5
github.com/grethel-labs/kubelink-usb/api/v1alpha1/zz_generated.deepcopy.go:235.2,235.26 1 6
github.com/grethel-labs/kubelink-usb/api/v1alpha1/zz_generated.deepcopy.go:235.26,237.3 1 3
github.com/grethel-labs/kubelink-usb/api/v1alpha1/zz_generated.deepcopy.go:238.2,238.25 1 6
github.com/grethel-labs/kubelink-usb/api/v1alpha1/zz_generated.deepcopy.go:238.25,240.3 1 1
github.com/grethel-labs/kubelink-usb/api/v1alpha1/zz_generated.deepcopy.go:243.68,244.15 1 3
github.com/grethel-labs/kubelink-usb/api/v1alpha1/zz_generated.deepcopy.go:244.15,246.3 1 1
github.com/grethel-labs/kubelink-usb/api/v1alpha1/zz_generated.deepcopy.go:247.2,249.12 3 2
github.com/grethel-labs/kubelink-usb/api/v1alpha1/zz_generated.deepcopy.go:252.79,254.26 2 6
github.com/grethel-labs/kubelink-usb/api/v1alpha1/zz_generated.deepcopy.go:254.26,256.3 1 3
github.com/grethel-labs/kubelink-usb/api/v1alpha1/zz_generated.deepcopy.go:257.2,257.25 1 6
github.com/grethel-labs/kubelink-usb/api/v1alpha1/zz_generated.deepcopy.go:257.25,259.3 1 1
github.com/grethel-labs/kubelink-usb/api/v1alpha1/zz_generated.deepcopy.go:262.72,263.15 1 3
github.com/grethel-labs/kubelink-usb/api/v1alpha1/zz_generated.deepcopy.go:263.15,265.3 1 1
github.com/grethel-labs/kubelink-usb/api/v1alpha1/zz_generated.deepcopy.go:266.2,268.12 3 2
github.com/grethel-labs/kubelink-usb/api/v1alpha1/zz_generated.deepcopy.go:271.79,271.93 1 2
github.com/grethel-labs/kubelink-usb/api/v1alpha1/zz_generated.deepcopy.go:272.72,273.15 1 2
github.com/grethel-labs/kubelink-usb/api/v1alpha1/zz_generated.deepcopy.go:273.15,275.3 1 1
github.com/grethel-labs/kubelink-usb/api/v1alpha1/zz_generated.deepcopy.go:276.2,278.12 3 1
github.com/grethel-labs/kubelink-usb/api/v1alpha1/zz_generated.deepcopy.go:281.69,281.83 1 2
github.com/grethel-labs/kubelink-usb/api/v1alpha1/zz_generated.deepcopy.go:282.62,283.15 1 2
github.com/grethel-labs/kubelink-usb/api/v1alpha1/zz_generated.deepcopy.go:283.15,285.3 1 1
github.com/grethel-labs/kubelink-usb/api/v1alpha1/zz_generated.deepcopy.go:286.2,288.12 3 1
github.com/grethel-labs/kubelink-usb/api/v1alpha1/zz_generated.deepcopy.go:291.59,295.21 4 2
github.com/grethel-labs/kubelink-usb/api/v1alpha1/zz_generated.deepcopy.go:295.21,297.27 2 2
github.com/grethel-labs/kubelink-usb/api/v1alpha1/zz_generated.deepcopy.go:297.27,299.4 1 2
github.com/grethel-labs/kubelink-usb/api/v1alpha1/zz_generated.deepcopy.go:303.52,304.15 1 3
github.com/grethel-labs/kubelink-usb/api/v1alpha1/zz_generated.deepcopy.go:304.15,306.3 1 1
github.com/grethel-labs/kubelink-usb/api/v1alpha1/zz_generated.deepcopy.go:307.2,309.12 3 2
github.com/grethel-labs/kubelink-usb/api/v1alpha1/zz_generated.deepcopy.go:312.58,312.82 1 1
github.com/grethel-labs/kubelink-usb/api/v1alpha1/zz_generated.deepcopy.go:314.63,320.2 5 4
github.com/grethel-labs/kubelink-usb/api/v1alpha1/zz_generated.deepcopy.go:322.56,323.15 1 3
github.com/grethel-labs/kubelink-usb/api/v1alpha1/zz_generated.deepcopy.go:323.15,325.3 1 1
github.com/grethel-labs/kubelink-usb/api/v1alpha1/zz_generated.deepcopy.go:326.2,328.12 3 2
github.com/grethel-labs/kubelink-usb/api/v1alpha1/zz_generated.deepcopy.go:331.60,331.84 1 1
github.com/grethel-labs/kubelink-usb/api/v1alpha1/zz_generated.deepcopy.go:333.71,337.21 4 2
github.com/grethel-labs/kubelink-usb/api/v1alpha1/zz_generated.deepcopy.go:337.21,339.27 2 2
github.com/grethel-labs/kubelink-usb/api/v1alpha1/zz_generated.deepcopy.go:339.27,341.4 1 2
github.com/grethel-labs/kubelink-usb/api/v1alpha1/zz_generated.deepcopy.go:345.64,346.15 1 3
github.com/grethel-labs/kubelink-usb/api/v1alpha1/zz_generated.deepcopy.go:346.15,348.3 1 1
github.com/grethel-labs/kubelink-usb/api/v1alpha1/zz_generated.deepcopy.go:349.2,351.12 3 2
github.com/grethel-labs/kubelink-usb/api/v1alpha1/zz_generated.deepcopy.go:354.64,354.88 1 1
github.com/grethel-labs/kubelink-usb/api/v1alpha1/zz_generated.deepcopy.go:356.79,358.25 2 6
github.com/grethel-labs/kubelink-usb/api/v1alpha1/zz_generated.deepcopy.go:358.25,361.3 2 6
github.com/grethel-labs/kubelink-usb/api/v1alpha1/zz_generated.deepcopy.go:364.72,365.15 1 2
github.com/grethel-labs/kubelink-usb/api/v1alpha1/zz_generated.deepcopy.go:365.15,367.3 1 1
github.com/grethel-labs/kubelink-usb/api/v1alpha1/zz_generated.deepcopy.go:368.2,370.12 3 1
github.com/grethel-labs/kubelink-usb/api/v1alpha1/zz_generated.deepcopy.go:373.71,379.2 5 5
github.com/grethel-labs/kubelink-usb/api/v1alpha1/zz_generated.deepcopy.go:381.64,382.15 1 2
github.com/grethel-labs/kubelink-usb/api/v1alpha1/zz_generated.deepcopy.go:382.15,384.3 1 1
github.com/grethel-labs/kubelink-usb/api/v1alpha1/zz_generated.deepcopy.go:385.2,387.12 3 1
github.com/grethel-labs/kubelink-usb/api/v1alpha1/zz_generated.deepcopy.go:390.75,390.89 1 2
github.com/grethel-labs/kubelink-usb/api/v1alpha1/zz_generated.deepcopy.go:391.68,392.15 1 2
github.com/grethel-labs/kubelink-usb/api/v1alpha1/zz_generated.deepcopy.go:392.15,394.3 1 1
github.com/grethel-labs/kubelink-usb/api/v1alpha1/zz_generated.deepcopy.go:395.2,397.12 3 1
github.com/grethel-labs/kubelink-usb/api/v1alpha1/zz_generated.deepcopy.go:400.75,402.28 2 6
github.com/grethel-labs/kubelink-usb/api/v1alpha1/zz_generated.deepcopy.go:402.28,405.3 2 6
github.com/grethel-labs/kubelink-usb/api/v1alpha1/zz_generated.deepcopy.go:406.2,406.33 1 6
github.com/grethel-labs/kubelink-usb/api/v1alpha1/zz_generated.deepcopy.go:406.33,409.3 2 3
github.com/grethel-labs/kubelink-usb/api/v1alpha1/zz_generated.deepcopy.go:410.2,410.36 1 6
github.com/grethel-labs/kubelink-usb/api/v1alpha1/zz_generated.deepcopy.go:410.36,413.3 2 3
github.com/grethel-labs/kubelink-usb/api/v1alpha1/zz_generated.deepcopy.go:416.68,417.15 1 2
github.com/grethel-labs/kubelink-usb/api/v1alpha1/zz_generated.deepcopy.go:417.15,419.3 1 1
github.com/grethel-labs/kubelink-usb/api/v1alpha1/zz_generated.deepcopy.go:420.2,422.12 3 1
github.com/grethel-labs/kubelink-usb/api/v1alpha1/zz_generated.deepcopy.go:425.59,425.73 1 2
github.com/grethel-labs/kubelink-usb/api/v1alpha1/zz_generated.deepcopy.go:426.52,427.15 1 2
github.com/grethel-labs/kubelink-usb/api/v1alpha1/zz_generated.deepcopy.go:427.15,429.3 1 1
github.com/grethel-labs/kubelink-usb/api/v1alpha1/zz_generated.deepcopy.go:430.2,432.12 3 1
github.com/grethel-labs/kubelink-usb/api/v1alpha1/zz_generated.deepcopy.go:435.63,437.30 2 5
github.com/grethel-labs/kubelink-usb/api/v1alpha1/zz_generated.deepcopy.go:437.30,440.3 2 5
github.com/grethel-labs/kubelink-usb/api/v1alpha1/zz_generated.deepcopy.go:441.2,441.24 1 5
github.com/grethel-labs/kubelink-usb/api/v1alpha1/zz_generated.deepcopy.go:441.24,443.3 1 5
github.com/grethel-labs/kubelink-usb/api/v1alpha1/zz_generated.deepcopy.go:446.56,447.15 1 2
github.com/grethel-labs/kubelink-usb/api/v1alpha1/zz_generated.deepcopy.go:447.15,449.3 1 1
github.com/grethel-labs/kubelink-usb/api/v1alpha1/zz_generated.deepcopy.go:450.2,452.12 3 1
github.com/grethel-labs/kubelink-usb/api/v1alpha1/zz_generated.deepcopy.go:457.61,459.23 2 5
github.com/grethel-labs/kubelink-usb/api/v1alpha1/zz_generated.deepcopy.go:459.23,461.3 1 5
github.com/grethel-labs/kubelink-usb/api/v1alpha1/zz_generated.deepcopy.go:464.54,465.15 1 2
github.com/grethel-labs/kubelink-usb/api/v1alpha1/zz_generated.deepcopy.go:465.15,467.3 1 1
github.com/grethel-labs/kubelink-usb/api/v1alpha1/zz_generated.deepcopy.go:468.2,470.12 3 1
github.com/grethel-labs/kubelink-usb/api/v1alpha1/zz_generated.deepcopy.go:473.69,479.2 5 4
github.com/grethel-labs/kubelink-usb/api/v1alpha1/zz_generated.deepcopy.go:481.62,482.15 1 3
github.com/grethel-labs/kubelink-usb/api/v1alpha1/zz_generated.deepcopy.go:482.15,484.3 1 1
github.com/grethel-labs/kubelink-usb/api/v1alpha1/zz_generated.deepcopy.go:485.2,487.12 3 2
github.com/grethel-labs/kubelink-usb/api/v1alpha1/zz_generated.deepcopy.go:490.63,490.87 1 1
github.com/grethel-labs/kubelink-usb/api/v1alpha1/zz_generated.deepcopy.go:492.77,494.23 2 4
github.com/grethel-labs/kubelink-usb/api/v1alpha1/zz_generated.deepcopy.go:494.23,496.29 2 4
github.com/grethel-labs/kubelink-usb/api/v1alpha1/zz_generated.deepcopy.go:496.29,498.4 1 4
github.com/grethel-labs/kubelink-usb/api/v1alpha1/zz_generated.deepcopy.go:502.70,503.15 1 1
github.com/grethel-labs/kubelink-usb/api/v1alpha1/zz_generated.deepcopy.go:503.15,505.3 1 1
github.com/grethel-labs/kubelink-usb/api/v1alpha1/zz_generated.deepcopy.go:506.2,508.12 3 0
github.com/grethel-labs/kubelink-usb/api/v1alpha1/zz_generated.deepcopy.go:511.81,513.27 2 4
github.com/grethel-labs/kubelink-usb/api/v1alpha1/zz_generated.deepcopy.go:513.27,515.3 1 4
github.com/grethel-labs/kubelink-usb/api/v1alpha1/zz_generated.deepcopy.go:518.74,519.15 1 1
github.com/grethel-labs/kubelink-usb/api/v1alpha1/zz_generated.deepcopy.go:519.15,521.3 1 1
github.com/grethel-labs/kubelink-usb/api/v1alpha1/zz_generated.deepcopy.go:522.2,524.12 3 0
github.com/grethel-labs/kubelink-usb/api/v1alpha1/zz_generated.deepcopy.go:527.77,531.21 4 2
github.com/grethel-labs/kubelink-usb/api/v1alpha1/zz_generated.deepcopy.go:531.21,533.27 2 2
github.com/grethel-labs/kubelink-usb/api/v1alpha1/zz_generated.deepcopy.go:533.27,535.4 1 2
github.com/grethel-labs/kubelink-usb/api/v1alpha1/zz_generated.deepcopy.go:539.70,540.15 1 3
github.com/grethel-labs/kubelink-usb/api/v1alpha1/zz_generated.deepcopy.go:540.15,542.3 1 1
github.com/grethel-labs/kubelink-usb/api/v1alpha1/zz_generated.deepcopy.go:543.2,545.12 3 2
github.com/grethel-labs/kubelink-usb/api/v1alpha1/zz_generated.deepcopy.go:548.67,548.91 1 1
github.com/grethel-labs/kubelink-usb/api/v1alpha1/zz_generated.deepcopy.go:552.73,552.87 1 1
github.com/grethel-labs/kubelink-usb/api/v1alpha1/zz_generated.deepcopy.go:554.66,555.15 1 2
github.com/grethel-labs/kubelink-usb/api/v1alpha1/zz_generated.deepcopy.go:555.15,557.3 1 1
github.com/grethel-labs/kubelink-usb/api/v1alpha1/zz_generated.deepcopy.go:558.2,560.12 3 1
github.com/grethel-labs/kubelink-usb/api/v1alpha1/zz_generated.deepcopy.go:563.71,565.25 2 5
github.com/grethel-labs/kubelink-usb/api/v1alpha1/zz_generated.deepcopy.go:565.25,568.3 2 5
github.com/grethel-labs/kubelink-usb/api/v1alpha1/zz_generated.deepcopy.go:571.64,572.15 1 2
github.com/grethel-labs/kubelink-usb/api/v1alpha1/zz_generated.deepcopy.go:572.15,574.3 1 1
github.com/grethel-labs/kubelink-usb/api/v1alpha1/zz_generated.deepcopy.go:575.2,577.12 3 1
github.com/grethel-labs/kubelink-usb/api/v1alpha1/zz_generated.deepcopy.go:580.79,580.93 1 1
github.com/grethel-labs/kubelink-usb/api/v1alpha1/zz_generated.deepcopy.go:582.72,583.15 1 2
github.com/grethel-labs/kubelink-usb/api/v1alpha1/zz_generated.deepcopy.go:583.15,585.3 1 1
github.com/grethel-labs/kubelink-usb/api/v1alpha1/zz_generated.deepcopy.go:586.2,588.12 3 1
github.com/grethel-labs/kubelink-usb/api/v1alpha1/zz_generated.deepcopy.go:591.85,591.99 1 1
github.com/grethel-labs/kubelink-usb/api/v1alpha1/zz_generated.deepcopy.go:593.78,594.15 1 2
github.com/grethel-labs/kubelink-usb/api/v1alpha1/zz_generated.deepcopy.go:594.15,596.3 1 1
github.com/grethel-labs/kubelink-usb/api/v1alpha1/zz_generated.deepcopy.go:597.2,599.12 3 1
github.com/grethel-labs/kubelink-usb/api/v1alpha1/zz_generated.deepcopy.go:602.67,604.19 2 6
github.com/grethel-labs/kubelink-usb/api/v1alpha1/zz_generated.deepcopy.go:604.19,607.3 2 5
github.com/grethel-labs/kubelink-usb/api/v1alpha1/zz_generated.deepcopy.go:608.2,608.18 1 6
github.com/grethel-labs/kubelink-usb/api/v1alpha1/zz_generated.deepcopy.go:608.18,611.3 2 4
github.com/grethel-labs/kubelink-usb/api/v1alpha1/zz_generated.deepcopy.go:612.2,612.25 1 6
github.com/grethel-labs/kubelink-usb/api/v1alpha1/zz_generated.deepcopy.go:612.25,615.3 2 4
github.com/grethel-labs/kubelink-usb/api/v1alpha1/zz_generated.deepcopy.go:618.60,619.15 1 2
github.com/grethel-labs/kubelink-usb/api/v1alpha1/zz_generated.deepcopy.go:619.15,621.3 1 1
github.com/grethel-labs/kubelink-usb/api/v1alpha1/zz_generated.deepcopy.go:622.2,624.12 3 1
github.com/grethel-labs/kubelink-usb/api/v1alpha1/zz_generated.deepcopy.go:627.67,627.81 1 1
github.com/grethel-labs/kubelink-usb/api/v1alpha1/zz_generated.deepcopy.go:629.60,630.15 1 2
github.com/grethel-labs/kubelink-usb/api/v1alpha1/zz_generated.deepcopy.go:630.15,632.3 1 1
github.com/grethel-labs/kubelink-usb/api/v1alpha1/zz_generated.deepcopy.go:633.2,635.12 3 1
github.com/grethel-labs/kubelink-usb/api/v1alpha1/zz_generated.deepcopy.go:638.71,642.2 3 5
github.com/grethel-labs/kubelink-usb/api/v1alpha1/zz_generated.deepcopy.go:644.64,645.15 1 2
github.com/grethel-labs/kubelink-usb/api/v1alpha1/zz_generated.deepcopy.go:645.15,647.3 1 1
github.com/grethel-labs/kubelink-usb/api/v1alpha1/zz_generated.deepcopy.go:648.2,650.12 3 1
github.com/grethel-labs/kubelink-usb/api/v1alpha1/zz_generated.deepcopy.go:653.75,655.30 2 5
github.com/grethel-labs/kubelink-usb/api/v1alpha1/zz_generated.deepcopy.go:655.30,657.3 1 5
github.com/grethel-labs/kubelink-usb/api/v1alpha1/zz_generated.deepcopy.go:660.68,661.15 1 2
github.com/grethel-labs/kubelink-usb/api/v1alpha1/zz_generated.deepcopy.go:661.15,663.3 1 1
github.com/grethel-labs/kubelink-usb/api/v1alpha1/zz_generated.deepcopy.go:664.2,666.12 3 1
github.com/grethel-labs/kubelink-usb/api/v1alpha1/zz_generated.deepcopy.go:669.63,675.2 5 4
github.com/grethel-labs/kubelink-usb/api/v1alpha1/zz_generated.deepcopy.go:677.56,678.15 1 3
github.com/grethel-labs/kubelink-usb/api/v1alpha1/zz_generated.deepcopy.go:678.15,680.3 1 1
github.com/grethel-labs/kubelink-usb/api/v1alpha1/zz_generated.deepcopy.go:681.2,683.12 3 2
github.com/grethel-labs/kubelink-usb/api/v1alpha1/zz_generated.deepcopy.go:686.60,686.84 1 1
github.com/grethel-labs/kubelink-usb/api/v1alpha1/zz_generated.deepcopy.go:688.71,692.21 4 2
github.com/grethel-labs/kubelink-usb/api/v1alpha1/zz_generated.deepcopy.go:692.21,694.27 2 2
github.com/grethel-labs/kubelink-usb/api/v1alpha1/zz_generated.deepcopy.go:694.27,696.4 1 2
github.com/grethel-labs/kubelink-usb/api/v1alpha1/zz_generated.deepcopy.go:700.64,701.15 1 3
github.com/grethel-labs/kubelink-usb/api/v1alpha1/zz_generated.deepcopy.go:701.15,703.3 1 1
github.com/grethel-labs/kubelink-usb/api/v1alpha1/zz_generated.deepcopy.go:704.2,706.12 3 2
github.com/grethel-labs/kubelink-usb/api/v1alpha1/zz_generated.deepcopy.go:709.64,709.88 1 1
github.com/grethel-labs/kubelink-usb/api/v1alpha1/zz_generated.deepcopy.go:713.65,713.79 1 1
github.com/grethel-labs/kubelink-usb/api/v1alpha1/zz_generated.deepcopy.go:715.58,716.15 1 2
github.com/grethel-labs/kubelink-usb/api/v1alpha1/zz_generated.deepcopy.go:716.15,718.3 1 1
github.com/grethel-labs/kubelink-usb/api/v1alpha1/zz_generated.deepcopy.go:719.2,721.12 3 1
github.com/grethel-labs/kubelink-usb/api/v1alpha1/zz_generated.deepcopy.go:724.59,724.73 1 1
github.com/grethel-labs/kubelink-usb/api/v1alpha1/zz_generated.deepcopy.go:726.52,727.15 1 2
github.com/grethel-labs/kubelink-usb/api/v1alpha1/zz_generated.deepcopy.go:727.15,729.3 1 1
github.com/grethel-labs/kubelink-usb/api/v1alpha1/zz_generated.deepcopy.go:730.2,732.12 3 1
github.com/grethel-labs/kubelink-usb/api/v1alpha1/zz_generated.deepcopy.go:735.63,737.27 2 5
github.com/grethel-labs/kubelink-usb/api/v1alpha1/zz_generated.deepcopy.go:737.27,739.3 1 5
github.com/grethel-labs/kubelink-usb/api/v1alpha1/zz_generated.deepcopy.go:740.2,740.26 1 5
github.com/grethel-labs/kubelink-usb/api/v1alpha1/zz_generated.deepcopy.go:740.26,743.3 2 5
github.com/grethel-labs/kubelink-usb/api/v1alpha1/zz_generated.deepcopy.go:746.56,747.15 1 2
github.com/grethel-labs/kubelink-usb/api/v1alpha1/zz_generated.deepcopy.go:747.15,749.3 1 1
github.com/grethel-labs/kubelink-usb/api/v1alpha1/zz_generated.deepcopy.go:750.2,752.12 3 1
github.com/grethel-labs/kubelink-usb/api/v1alpha1/zz_generated.deepcopy.go:755.51,761.2 5 4
github.com/grethel-labs/kubelink-usb/api/v1alpha1/zz_generated.deepcopy.go:763.44,764.15 1 3
github.com/grethel-labs/kubelink-usb/api/v1alpha1/zz_generated.deepcopy.go:764.15,766.3 1 1
github.com/grethel-labs/kubelink-usb/api/v1alpha1/zz_generated.deepcopy.go:767.2,769.12 3 2
github.com/grethel-labs/kubelink-usb/api/v1alpha1/zz_generated.deepcopy.go:772.54,772.78 1 1
github.com/grethel-labs/kubelink-usb/api/v1alpha1/zz_generated.deepcopy.go:774.59,778.21 4 2
github.com/grethel-labs/kubelink-usb/api/v1alpha1/zz_generated.deepcopy.go:778.21,780.27 2 2
github.com/grethel-labs/kubelink-usb/api/v1alpha1/zz_generated.deepcopy.go:780.27,782.4 1 2
github.com/grethel-labs/kubelink-usb/api/v1alpha1/zz_generated.deepcopy.go:786.52,787.15 1 3
github.com/grethel-labs/kubelink-usb/api/v1alpha1/zz_generated.deepcopy.go:787.15,789.3 1 1
github.com/grethel-labs/kubelink-usb/api/v1alpha1/zz_generated.deepcopy.go:790.2,792.12 3 2
github.com/grethel-labs/kubelink-usb/api/v1alpha1/zz_generated.deepcopy.go:795.58,795.82 1 1
github.com/grethel-labs/kubelink-usb/api/v1alpha1/zz_generated.deepcopy.go:799.65,799.79 1 1
github.com/grethel-labs/kubelink-usb/api/v1alpha1/zz_generated.deepcopy.go:801.58,802.15 1 2
github.com/grethel-labs/kubelink-usb/api/v1alpha1/zz_generated.deepcopy.go:802.15,804.3 1 1
github.com/grethel-labs/kubelink-usb/api/v1alpha1/zz_generated.deepcopy.go:805.2,807.12 3 1
github.com/grethel-labs/kubelink-usb/api/v1alpha1/zz_generated.deepcopy.go:810.75,812.25 2 6
github.com/grethel-labs/kubelink-usb/api/v1alpha1/zz_generated.deepcopy.go:812.25,814.3 1 6
github.com/grethel-labs/kubelink-usb/api/v1alpha1/zz_generated.deepcopy.go:817.68,818.15 1 2
github.com/grethel-labs/kubelink-usb/api/v1alpha1/zz_generated.deepcopy.go:818.15,820.3 1 1
github.com/grethel-labs/kubelink-usb/api/v1alpha1/zz_generated.deepcopy.go:821.2,823.12 3 1
github.com/grethel-labs/kubelink-usb/api/v1alpha1/zz_generated.deepcopy.go:826.77,828.37 2 6
github.com/grethel-labs/kubelink-usb/api/v1alpha1/zz_generated.deepcopy.go:828.37,831.3 2 6
github.com/grethel-labs/kubelink-usb/api/v1alpha1/zz_generated.deepcopy.go:834.70,835.15 1 2
github.com/grethel-labs/kubelink-usb/api/v1alpha1/zz_generated.deepcopy.go:835.15,837.3 1 1
github.com/grethel-labs/kubelink-usb/api/v1alpha1/zz_generated.deepcopy.go:838.2,840.12 3 1
github.com/grethel-labs/kubelink-usb/api/v1alpha1/zz_generated.deepcopy.go:843.67,843.81 1 1
github.com/grethel-labs/kubelink-usb/api/v1alpha1/zz_generated.deepcopy.go:845.60,846.15 1 2
github.com/grethel-labs/kubelink-usb/api/v1alpha1/zz_generated.deepcopy.go:846.15,848.3 1 1
github.com/grethel-labs/kubelink-usb/api/v1alpha1/zz_generated.deepcopy.go:849.2,851.12 3 1
github.com/grethel-labs/kubelink-usb/api/v1alpha1/zz_generated.deepcopy.go:854.61,857.2 2 5
github.com/grethel-labs/kubelink-usb/api/v1alpha1/zz_generated.deepcopy.go:859.54,860.15 1 2
github.com/grethel-labs/kubelink-usb/api/v1alpha1/zz_generated.deepcopy.go:860.15,862.3 1 1
github.com/grethel-labs/kubelink-usb/api/v1alpha1/zz_generated.deepcopy.go:863.2,865.12 3 1
github.com/grethel-labs/kubelink-usb/api/v1alpha1/zz_generated.deepcopy.go:868.65,870.37 2 5
github.com/grethel-labs/kubelink-usb/api/v1alpha1/zz_generated.deepcopy.go:870.37,873.3 2 5
github.com/grethel-labs/kubelink-usb/api/v1alpha1/zz_generated.deepcopy.go:874.2,874.29 1 5
github.com/grethel-labs/kubelink-usb/api/v1alpha1/zz_generated.deepcopy.go:874.29,877.3 2 5
github.com/grethel-labs/kubelink-usb/api/v1alpha1/zz_generated.deepcopy.go:878.2,878.38 1 5
github.com/grethel-labs/kubelink-usb/api/v1alpha1/zz_generated.deepcopy.go:878.38,881.3 2 5
github.com/grethel-labs/kubelink-usb/api/v1alpha1/zz_generated.deepcopy.go:882.2,882.27 1 5
github.com/grethel-labs/kubelink-usb/api/v1alpha1/zz_generated.deepcopy.go:882.27,884.3 1 5
github.com/grethel-labs/kubelink-usb/api/v1alpha1/zz_generated.deepcopy.go:887.58,888.15 1 2
github.com/grethel-labs/kubelink-usb/api/v1alpha1/zz_generated.deepcopy.go:888.15,890.3 1 1
github.com/grethel-labs/kubelink-usb/api/v1alpha1/zz_generated.deepcopy.go:891.2,893.12 3 1
github.com/grethel-labs/kubelink-usb/api/v1alpha1/zz_generated.deepcopy.go:896.53,902.2 5 4
github.com/grethel-labs/kubelink-usb/api/v1alpha1/zz_generated.deepcopy.go:904.46,905.15 1 3
github.com/grethel-labs/kubelink-usb/api/v1alpha1/zz_generated.deepcopy.go:905.15,907.3 1 1
github.com/grethel-labs/kubelink-usb/api/v1alpha1/zz_generated.deepcopy.go:908.2,910.12 3 2
github.com/grethel-labs/kubelink-usb/api/v1alpha1/zz_generated.deepcopy.go:913.55,913.79 1 1
github.com/grethel-labs/kubelink-usb/api/v1alpha1/zz_generated.deepcopy.go:915.61,919.21 4 2
github.com/grethel-labs/kubelink-usb/api/v1alpha1/zz_generated.deepcopy.go:919.21,921.27 2 2
github.com/grethel-labs/kubelink-usb/api/v1alpha1/zz_generated.deepcopy.go:921.27,923.4 1 2
github.com/grethel-labs/kubelink-usb/api/v1alpha1/zz_generated.deepcopy.go:927.54,928.15 1 3
github.com/grethel-labs/kubelink-usb/api/v1alpha1/zz_generated.deepcopy.go:928.15,930.3 1 1
github.com/grethel-labs/kubelink-usb/api/v1alpha1/zz_generated.deepcopy.go:931.2,933.12 3 2
github.com/grethel-labs/kubelink-usb/api/v1alpha1/zz_generated.deepcopy.go:936.59,936.83 1 1
github.com/grethel-labs/kubelink-usb/cmd/controller/main.go:27.13,30.2 2 0
github.com/grethel-labs/kubelink-usb/cmd/controller/main.go:32.13,56.16 13 0
github.com/grethel-labs/kubelink-usb/cmd/controller/main.go:56.16,59.3 2 0
github.com/grethel-labs/kubelink-usb/cmd/controller/main.go:61.2,65.39 1 0
github.com/grethel-labs/kubelink-usb/cmd/controller/main.go:65.39,68.3 2 0
github.com/grethel-labs/kubelink-usb/cmd/controller/main.go:70.2,74.39 1 0
github.com/grethel-labs/kubelink-usb/cmd/controller/main.go:74.39,77.3 2 0
github.com/grethel-labs/kubelink-usb/cmd/controller/main.go:79.2,83.39 1 0
github.com/grethel-labs/kubelink-usb/cmd/controller/main.go:83.39,86.3 2 0
github.com/grethel-labs/kubelink-usb/cmd/controller/main.go:88.2,91.26 1 0
github.com/grethel-labs/kubelink-usb/cmd/controller/main.go:91.26,94.3 2 0
github.com/grethel-labs/kubelink-usb/cmd/controller/main.go:95.2,98.26 1 0
github.com/grethel-labs/kubelink-usb/cmd/controller/main.go:98.26,101.3 2 0
github.com/grethel-labs/kubelink-usb/cmd/controller/main.go:105.2,107.151 2 0
github.com/grethel-labs/kubelink-usb/cmd/controller/main.go:107.151,110.3 2 0
github.com/grethel-labs/kubelink-usb/cmd/controller/main.go:111.2,111.152 1 0
github.com/grethel-labs/kubelink-usb/cmd/controller/main.go:111.152,114.3 2 0
github.com/grethel-labs/kubelink-usb/cmd/controller/main.go:116.2,116.69 1 0
github.com/grethel-labs/kubelink-usb/cmd/controller/main.go:116.69,119.3 2 0
github.com/grethel-labs/kubelink-usb/cmd/controller/main.go:120.2,120.67 1 0
github.com/grethel-labs/kubelink-usb/cmd/controller/main.go:120.67,123.3 2 0
github.com/grethel-labs/kubelink-usb/cmd/controller/main.go:125.2,125.61 1 0
github.com/grethel-labs/kubelink-usb/cmd/controller/main.go:125.61,128.3 2 0
github.com/grethel-labs/kubelink-usb/cmd/agent/main.go:22.13,35.16 10 0
github.com/grethel-labs/kubelink-usb/cmd/agent/main.go:35.16,37.3 1 0
github.com/grethel-labs/kubelink-usb/cmd/agent/main.go:39.2,40.20 2 0
github.com/grethel-labs/kubelink-usb/cmd/agent/main.go:40.20,42.17 2 0
github.com/grethel-labs/kubelink-usb/cmd/agent/main.go:42.17,44.4 1 0
github.com/grethel-labs/kubelink-usb/cmd/agent/main.go:47.2,49.16 3 0
github.com/grethel-labs/kubelink-usb/cmd/agent/main.go:49.16,51.3 1 0
github.com/grethel-labs/kubelink-usb/cmd/agent/main.go:53.2,53.43 1 0
github.com/grethel-labs/kubelink-usb/cmd/agent/main.go:53.43,55.3 1 0
github.com/grethel-labs/kubelink-usb/internal/backup/configmap_storage.go:23.57,28.2 1 2
github.com/grethel-labs/kubelink-usb/internal/backup/configmap_storage.go:31.85,39.2 6 2
github.com/grethel-labs/kubelink-usb/internal/backup/configmap_storage.go:42.81,47.9 4 2
github.com/grethel-labs/kubelink-usb/internal/backup/configmap_storage.go:47.9,49.3 1 1
github.com/grethel-labs/kubelink-usb/internal/backup/configmap_storage.go:50.2,52.16 3 1
github.com/grethel-labs/kubelink-usb/internal/backup/configmap_storage.go:56.78,61.30 4 4
github.com/grethel-labs/kubelink-usb/internal/backup/configmap_storage.go:61.30,63.3 1 4
github.com/grethel-labs/kubelink-usb/internal/backup/configmap_storage.go:64.2,64.41 1 4
github.com/grethel-labs/kubelink-usb/internal/backup/configmap_storage.go:64.41,64.83 1 1
github.com/grethel-labs/kubelink-usb/internal/backup/configmap_storage.go:65.2,65.20 1 4
github.com/grethel-labs/kubelink-usb/internal/backup/configmap_storage.go:69.73,75.2 4 1
github.com/grethel-labs/kubelink-usb/internal/backup/pvc_storage.go:23.59,25.19 2 1
github.com/grethel-labs/kubelink-usb/internal/backup/pvc_storage.go:25.19,27.3 1 1
github.com/grethel-labs/kubelink-usb/internal/backup/pvc_storage.go:28.2,28.36 1 1
github.com/grethel-labs/kubelink-usb/internal/backup/pvc_storage.go:33.57,35.2 1 7
github.com/grethel-labs/kubelink-usb/internal/backup/pvc_storage.go:37.51,39.2 1 12
github.com/grethel-labs/kubelink-usb/internal/backup/pvc_storage.go:42.79,47.55 3 5
github.com/grethel-labs/kubelink-usb/internal/backup/pvc_storage.go:47.55,49.3 1 0
github.com/grethel-labs/kubelink-usb/internal/backup/pvc_storage.go:50.2,52.56 2 5
github.com/grethel-labs/kubelink-usb/internal/backup/pvc_storage.go:52.56,54.3 1 0
github.com/grethel-labs/kubelink-usb/internal/backup/pvc_storage.go:55.2,55.12 1 5
github.com/grethel-labs/kubelink-usb/internal/backup/pvc_storage.go:59.75,64.16 4 5
github.com/grethel-labs/kubelink-usb/internal/backup/pvc_storage.go:64.16,66.3 1 2
github.com/grethel-labs/kubelink-usb/internal/backup/pvc_storage.go:67.2,67.18 1 3
github.com/grethel-labs/kubelink-usb/internal/backup/pvc_storage.go:71.72,76.16 4 5
github.com/grethel-labs/kubelink-usb/internal/backup/pvc_storage.go:76.16,77.25 1 2
github.com/grethel-labs/kubelink-usb/internal/backup/pvc_storage.go:77.25,79.4 1 2
github.com/grethel-labs/kubelink-usb/internal/backup/pvc_storage.go:80.3,80.59 1 0
github.com/grethel-labs/kubelink-usb/internal/backup/pvc_storage.go:83.2,84.28 2 3
github.com/grethel-labs/kubelink-usb/internal/backup/pvc_storage.go:84.28,85.16 1 4
github.com/grethel-labs/kubelink-usb/internal/backup/pvc_storage.go:85.16,86.12 1 0
github.com/grethel-labs/kubelink-usb/internal/backup/pvc_storage.go:88.3,89.17 2 4
github.com/grethel-labs/kubelink-usb/internal/backup/pvc_storage.go:89.17,90.12 1 0
github.com/grethel-labs/kubelink-usb/internal/backup/pvc_storage.go:92.3,93.48 2 4
github.com/grethel-labs/kubelink-usb/internal/backup/pvc_storage.go:93.48,95.4 1 4
github.com/grethel-labs/kubelink-usb/internal/backup/pvc_storage.go:96.3,96.73 1 4
github.com/grethel-labs/kubelink-usb/internal/backup/pvc_storage.go:98.2,98.41 1 3
github.com/grethel-labs/kubelink-usb/internal/backup/pvc_storage.go:98.41,98.83 1 1
github.com/grethel-labs/kubelink-usb/internal/backup/pvc_storage.go:99.2,99.20 1 3
github.com/grethel-labs/kubelink-usb/internal/backup/pvc_storage.go:103.67,107.75 3 2
github.com/grethel-labs/kubelink-usb/internal/backup/pvc_storage.go:107.75,109.3 1 0
github.com/grethel-labs/kubelink-usb/internal/backup/pvc_storage.go:110.2,110.12 1 2
github.com/grethel-labs/kubelink-usb/internal/backup/s3_storage.go:24.63,31.2 1 2
github.com/grethel-labs/kubelink-usb/internal/backup/s3_storage.go:34.78,42.2 6 2
github.com/grethel-labs/kubelink-usb/internal/backup/s3_storage.go:45.74,50.9 4 2
github.com/grethel-labs/kubelink-usb/internal/backup/s3_storage.go:50.9,52.3 1 1
github.com/grethel-labs/kubelink-usb/internal/backup/s3_storage.go:53.2,55.16 3 1
github.com/grethel-labs/kubelink-usb/internal/backup/s3_storage.go:59.71,64.30 4 4
github.com/grethel-labs/kubelink-usb/internal/backup/s3_storage.go:64.30,66.3 1 4
github.com/grethel-labs/kubelink-usb/internal/backup/s3_storage.go:67.2,67.41 1 4
github.com/grethel-labs/kubelink-usb/internal/backup/s3_storage.go:67.41,67.83 1 1
github.com/grethel-labs/kubelink-usb/internal/backup/s3_storage.go:68.2,68.20 1 4
github.com/grethel-labs/kubelink-usb/internal/backup/s3_storage.go:72.66,78.2 4 1
github.com/grethel-labs/kubelink-usb/internal/backup/snapshot.go:39.168,47.16 3 6
github.com/grethel-labs/kubelink-usb/internal/backup/snapshot.go:47.16,49.3 1 0
github.com/grethel-labs/kubelink-usb/internal/backup/snapshot.go:51.2,58.8 2 6
github.com/grethel-labs/kubelink-usb/internal/backup/snapshot.go:67.51,69.2 1 2
github.com/grethel-labs/kubelink-usb/internal/backup/snapshot.go:77.56,79.49 2 4
github.com/grethel-labs/kubelink-usb/internal/backup/snapshot.go:79.49,81.3 1 1
github.com/grethel-labs/kubelink-usb/internal/backup/snapshot.go:82.2,82.16 1 3
github.com/grethel-labs/kubelink-usb/internal/backup/snapshot.go:91.50,93.16 2 5
github.com/grethel-labs/kubelink-usb/internal/backup/snapshot.go:93.16,95.3 1 0
github.com/grethel-labs/kubelink-usb/internal/backup/snapshot.go:96.2,97.36 2 5
github.com/grethel-labs/kubelink-usb/internal/backup/snapshot.go:106.224,108.16 2 1
github.com/grethel-labs/kubelink-usb/internal/backup/snapshot.go:108.16,110.3 1 0
github.com/grethel-labs/kubelink-usb/internal/backup/snapshot.go:111.2,112.16 2 1
github.com/grethel-labs/kubelink-usb/internal/backup/snapshot.go:112.16,114.3 1 0
github.com/grethel-labs/kubelink-usb/internal/backup/snapshot.go:115.2,115.55 1 1
github.com/grethel-labs/kubelink-usb/internal/backup/snapshot.go:115.55,117.3 1 0
github.com/grethel-labs/kubelink-usb/internal/backup/snapshot.go:118.2,118.18 1 1
github.com/grethel-labs/kubelink-usb/internal/backup/snapshot.go:127.95,129.16 2 3
github.com/grethel-labs/kubelink-usb/internal/backup/snapshot.go:129.16,131.3 1 1
github.com/grethel-labs/kubelink-usb/internal/backup/snapshot.go:132.2,133.16 2 2
github.com/grethel-labs/kubelink-usb/internal/backup/snapshot.go:133.16,135.3 1 0
github.com/grethel-labs/kubelink-usb/internal/backup/snapshot.go:136.2,137.16 2 2
github.com/grethel-labs/kubelink-usb/internal/backup/snapshot.go:137.16,139.3 1 0
github.com/grethel-labs/kubelink-usb/internal/backup/snapshot.go:140.2,140.12 1 2
github.com/grethel-labs/kubelink-usb/internal/backup/snapshot.go:140.12,142.3 1 1
github.com/grethel-labs/kubelink-usb/internal/backup/snapshot.go:143.2,143.18 1 1
github.com/grethel-labs/kubelink-usb/internal/backup/storage.go:40.76,41.19 1 7
github.com/grethel-labs/kubelink-usb/internal/backup/storage.go:42.13,43.22 1 2
github.com/grethel-labs/kubelink-usb/internal/backup/storage.go:43.22,45.4 1 1
github.com/grethel-labs/kubelink-usb/internal/backup/storage.go:46.3,46.66 1 1
github.com/grethel-labs/kubelink-usb/internal/backup/storage.go:47.19,48.28 1 2
github.com/grethel-labs/kubelink-usb/internal/backup/storage.go:48.28,50.4 1 1
github.com/grethel-labs/kubelink-usb/internal/backup/storage.go:51.3,51.55 1 1
github.com/grethel-labs/kubelink-usb/internal/backup/storage.go:52.12,53.21 1 2
github.com/grethel-labs/kubelink-usb/internal/backup/storage.go:53.21,55.4 1 1
github.com/grethel-labs/kubelink-usb/internal/backup/storage.go:56.3,56.77 1 1
github.com/grethel-labs/kubelink-usb/internal/backup/storage.go:57.10,58.79 1 1
github.com/grethel-labs/kubelink-usb/cmd/kubectl-usb/main.go:24.13,25.22 1 0
github.com/grethel-labs/kubelink-usb/cmd/kubectl-usb/main.go:25.22,28.3 2 0
github.com/grethel-labs/kubelink-usb/cmd/kubectl-usb/main.go:30.2,32.16 3 0
github.com/grethel-labs/kubelink-usb/cmd/kubectl-usb/main.go:32.16,34.3 1 0
github.com/grethel-labs/kubelink-usb/cmd/kubectl-usb/main.go:36.2,36.20 1 0
github.com/grethel-labs/kubelink-usb/cmd/kubectl-usb/main.go:37.14,38.63 1 0
github.com/grethel-labs/kubelink-usb/cmd/kubectl-usb/main.go:38.63,40.4 1 0
github.com/grethel-labs/kubelink-usb/cmd/kubectl-usb/main.go:41.17,42.85 1 0
github.com/grethel-labs/kubelink-usb/cmd/kubectl-usb/main.go:42.85,44.4 1 0
github.com/grethel-labs/kubelink-usb/cmd/kubectl-usb/main.go:45.14,46.83 1 0
github.com/grethel-labs/kubelink-usb/cmd/kubectl-usb/main.go:46.83,48.4 1 0
github.com/grethel-labs/kubelink-usb/cmd/kubectl-usb/main.go:49.17,50.86 1 0
github.com/grethel-labs/kubelink-usb/cmd/kubectl-usb/main.go:50.86,52.4 1 0
github.com/grethel-labs/kubelink-usb/cmd/kubectl-usb/main.go:53.20,54.91 1 0
github.com/grethel-labs/kubelink-usb/cmd/kubectl-usb/main.go:54.91,56.4 1 0
github.com/grethel-labs/kubelink-usb/cmd/kubectl-usb/main.go:57.10,59.13 2 0
github.com/grethel-labs/kubelink-usb/cmd/kubectl-usb/main.go:63.45,68.2 4 0
github.com/grethel-labs/kubelink-usb/cmd/kubectl-usb/main.go:70.82,75.55 4 1
github.com/grethel-labs/kubelink-usb/cmd/kubectl-usb/main.go:75.55,77.3 1 0
github.com/grethel-labs/kubelink-usb/cmd/kubectl-usb/main.go:79.2,81.34 3 1
github.com/grethel-labs/kubelink-usb/cmd/kubectl-usb/main.go:81.34,83.3 1 1
github.com/grethel-labs/kubelink-usb/cmd/kubectl-usb/main.go:84.2,84.18 1 1
github.com/grethel-labs/kubelink-usb/cmd/kubectl-usb/main.go:87.106,88.19 1 3
github.com/grethel-labs/kubelink-usb/cmd/kubectl-usb/main.go:88.19,90.3 1 1
github.com/grethel-labs/kubelink-usb/cmd/kubectl-usb/main.go:91.2,94.89 3 2
github.com/grethel-labs/kubelink-usb/cmd/kubectl-usb/main.go:94.89,96.3 1 1
github.com/grethel-labs/kubelink-usb/cmd/kubectl-usb/main.go:98.2,99.43 2 1
github.com/grethel-labs/kubelink-usb/cmd/kubectl-usb/main.go:99.43,101.3 1 1
github.com/grethel-labs/kubelink-usb/cmd/kubectl-usb/main.go:102.2,105.58 3 1
github.com/grethel-labs/kubelink-usb/cmd/kubectl-usb/main.go:105.58,107.3 1 0
github.com/grethel-labs/kubelink-usb/cmd/kubectl-usb/main.go:108.2,109.12 2 1
github.com/grethel-labs/kubelink-usb/cmd/kubectl-usb/main.go:112.108,113.19 1 3
github.com/grethel-labs/kubelink-usb/cmd/kubectl-usb/main.go:113.19,115.3 1 1
github.com/grethel-labs/kubelink-usb/cmd/kubectl-usb/main.go:116.2,117.16 2 2
github.com/grethel-labs/kubelink-usb/cmd/kubectl-usb/main.go:117.16,119.3 1 1
github.com/grethel-labs/kubelink-usb/cmd/kubectl-usb/main.go:121.2,122.55 2 1
github.com/grethel-labs/kubelink-usb/cmd/kubectl-usb/main.go:122.55,124.3 1 0
github.com/grethel-labs/kubelink-usb/cmd/kubectl-usb/main.go:125.2,126.63 2 1
github.com/grethel-labs/kubelink-usb/cmd/kubectl-usb/main.go:126.63,128.3 1 0
github.com/grethel-labs/kubelink-usb/cmd/kubectl-usb/main.go:129.2,130.12 2 1
github.com/grethel-labs/kubelink-usb/cmd/kubectl-usb/main.go:133.70,135.57 2 6
github.com/grethel-labs/kubelink-usb/cmd/kubectl-usb/main.go:135.57,137.3 1 4
github.com/grethel-labs/kubelink-usb/cmd/kubectl-usb/main.go:138.2,138.71 1 2
github.com/grethel-labs/kubelink-usb/cmd/kubectl-usb/main.go:141.14,143.2 1 1
github.com/grethel-labs/kubelink-usb/cmd/kubectl-usb/main.go:145.41,148.2 2 0
github.com/grethel-labs/kubelink-usb/internal/security/encryption.go:12.30,14.2 1 1
github.com/grethel-labs/kubelink-usb/internal/security/encryption.go:17.79,19.49 2 2
github.com/grethel-labs/kubelink-usb/internal/security/encryption.go:19.49,21.3 1 1
github.com/grethel-labs/kubelink-usb/internal/security/encryption.go:23.2,28.8 1 1
github.com/grethel-labs/kubelink-usb/internal/security/encryption.go:32.98,34.49 2 1
github.com/grethel-labs/kubelink-usb/internal/security/encryption.go:34.49,36.3 1 0
github.com/grethel-labs/kubelink-usb/internal/security/encryption.go:38.2,43.8 1 1
github.com/grethel-labs/kubelink-usb/internal/security/networkpolicy.go:9.115,25.2 1 1
github.com/grethel-labs/kubelink-usb/internal/security/policy.go:26.96,31.82 3 13
github.com/grethel-labs/kubelink-usb/internal/security/policy.go:31.82,33.3 1 1
github.com/grethel-labs/kubelink-usb/internal/security/policy.go:36.2,36.85 1 12
github.com/grethel-labs/kubelink-usb/internal/security/policy.go:36.85,38.3 1 1
github.com/grethel-labs/kubelink-usb/internal/security/policy.go:41.2,41.88 1 11
github.com/grethel-labs/kubelink-usb/internal/security/policy.go:41.88,43.3 1 1
github.com/grethel-labs/kubelink-usb/internal/security/policy.go:46.2,46.94 1 10
github.com/grethel-labs/kubelink-usb/internal/security/policy.go:46.94,48.3 1 1
github.com/grethel-labs/kubelink-usb/internal/security/policy.go:51.2,51.72 1 9
github.com/grethel-labs/kubelink-usb/internal/security/policy.go:51.72,52.77 1 2
github.com/grethel-labs/kubelink-usb/internal/security/policy.go:52.77,54.4 1 1
github.com/grethel-labs/kubelink-usb/internal/security/policy.go:58.2,58.74 1 8
github.com/grethel-labs/kubelink-usb/internal/security/policy.go:58.74,60.3 1 2
github.com/grethel-labs/kubelink-usb/internal/security/policy.go:62.2,62.13 1 6
github.com/grethel-labs/kubelink-usb/internal/security/policy.go:70.105,73.82 2 2
github.com/grethel-labs/kubelink-usb/internal/security/policy.go:73.82,75.3 1 1
github.com/grethel-labs/kubelink-usb/internal/security/policy.go:76.2,76.85 1 1
github.com/grethel-labs/kubelink-usb/internal/security/policy.go:76.85,78.3 1 0
github.com/grethel-labs/kubelink-usb/internal/security/policy.go:79.2,79.88 1 1
github.com/grethel-labs/kubelink-usb/internal/security/policy.go:79.88,81.3 1 0
github.com/grethel-labs/kubelink-usb/internal/security/policy.go:82.2,82.13 1 1
github.com/grethel-labs/kubelink-usb/internal/security/policy.go:85.61,86.29 1 5
github.com/grethel-labs/kubelink-usb/internal/security/policy.go:86.29,87.38 1 6
github.com/grethel-labs/kubelink-usb/internal/security/policy.go:87.38,89.4 1 2
github.com/grethel-labs/kubelink-usb/internal/security/policy.go:91.2,91.14 1 3
github.com/grethel-labs/kubelink-usb/internal/security/policy.go:94.42,97.2 2 3
github.com/grethel-labs/kubelink-usb/internal/security/whitelist.go:9.32,9.85 1 1
github.com/grethel-labs/kubelink-usb/internal/security/whitelist.go:12.42,15.2 2 2
github.com/grethel-labs/kubelink-usb/internal/security/whitelist.go:18.37,18.68 1 1
github.com/grethel-labs/kubelink-usb/internal/controller/approval_controller.go:46.100,50.66 3 5
github.com/grethel-labs/kubelink-usb/internal/controller/approval_controller.go:50.66,51.32 1 1
github.com/grethel-labs/kubelink-usb/internal/controller/approval_controller.go:51.32,53.4 1 1
github.com/grethel-labs/kubelink-usb/internal/controller/approval_controller.go:54.3,54.28 1 0
github.com/grethel-labs/kubelink-usb/internal/controller/approval_controller.go:58.2,58.78 1 4
github.com/grethel-labs/kubelink-usb/internal/controller/approval_controller.go:58.78,60.3 1 0
github.com/grethel-labs/kubelink-usb/internal/controller/approval_controller.go:63.2,63.87 1 4
github.com/grethel-labs/kubelink-usb/internal/controller/approval_controller.go:63.87,65.3 1 1
github.com/grethel-labs/kubelink-usb/internal/controller/approval_controller.go:68.2,69.102 2 3
github.com/grethel-labs/kubelink-usb/internal/controller/approval_controller.go:69.102,70.32 1 1
github.com/grethel-labs/kubelink-usb/internal/controller/approval_controller.go:70.32,72.4 1 1
github.com/grethel-labs/kubelink-usb/internal/controller/approval_controller.go:73.3,73.28 1 0
github.com/grethel-labs/kubelink-usb/internal/controller/approval_controller.go:77.2,78.21 2 2
github.com/grethel-labs/kubelink-usb/internal/controller/approval_controller.go:78.21,80.3 1 0
github.com/grethel-labs/kubelink-usb/internal/controller/approval_controller.go:83.2,84.16 2 2
github.com/grethel-labs/kubelink-usb/internal/controller/approval_controller.go:84.16,86.3 1 0
github.com/grethel-labs/kubelink-usb/internal/controller/approval_controller.go:89.2,90.19 2 2
github.com/grethel-labs/kubelink-usb/internal/controller/approval_controller.go:91.18,92.27 1 1
github.com/grethel-labs/kubelink-usb/internal/controller/approval_controller.go:93.16,94.25 1 1
github.com/grethel-labs/kubelink-usb/internal/controller/approval_controller.go:95.10,96.28 1 0
github.com/grethel-labs/kubelink-usb/internal/controller/approval_controller.go:99.2,99.40 1 2
github.com/grethel-labs/kubelink-usb/internal/controller/approval_controller.go:99.40,102.57 3 2
github.com/grethel-labs/kubelink-usb/internal/controller/approval_controller.go:102.57,104.4 1 0
github.com/grethel-labs/kubelink-usb/internal/controller/approval_controller.go:105.3,107.97 3 2
github.com/grethel-labs/kubelink-usb/internal/controller/approval_controller.go:110.2,110.27 1 2
github.com/grethel-labs/kubelink-usb/internal/controller/approval_controller.go:113.165,120.57 7 4
github.com/grethel-labs/kubelink-usb/internal/controller/approval_controller.go:120.57,122.3 1 0
github.com/grethel-labs/kubelink-usb/internal/controller/approval_controller.go:123.2,125.27 3 4
github.com/grethel-labs/kubelink-usb/internal/controller/approval_controller.go:134.71,138.2 1 0
github.com/grethel-labs/kubelink-usb/internal/controller/backup_controller.go:43.98,47.60 3 5
github.com/grethel-labs/kubelink-usb/internal/controller/backup_controller.go:47.60,48.32 1 1
github.com/grethel-labs/kubelink-usb/internal/controller/backup_controller.go:48.32,50.4 1 1
github.com/grethel-labs/kubelink-usb/internal/controller/backup_controller.go:51.3,51.28 1 0
github.com/grethel-labs/kubelink-usb/internal/controller/backup_controller.go:55.2,55.27 1 4
github.com/grethel-labs/kubelink-usb/internal/controller/backup_controller.go:55.27,57.53 2 1
github.com/grethel-labs/kubelink-usb/internal/controller/backup_controller.go:57.53,59.4 1 0
github.com/grethel-labs/kubelink-usb/internal/controller/backup_controller.go:60.3,60.53 1 1
github.com/grethel-labs/kubelink-usb/internal/controller/backup_controller.go:64.2,64.37 1 3
github.com/grethel-labs/kubelink-usb/internal/controller/backup_controller.go:64.37,66.3 1 1
github.com/grethel-labs/kubelink-usb/internal/controller/backup_controller.go:69.2,70.49 2 2
github.com/grethel-labs/kubelink-usb/internal/controller/backup_controller.go:70.49,72.3 1 0
github.com/grethel-labs/kubelink-usb/internal/controller/backup_controller.go:73.2,74.47 2 2
github.com/grethel-labs/kubelink-usb/internal/controller/backup_controller.go:74.47,76.3 1 0
github.com/grethel-labs/kubelink-usb/internal/controller/backup_controller.go:77.2,78.48 2 2
github.com/grethel-labs/kubelink-usb/internal/controller/backup_controller.go:78.48,80.3 1 0
github.com/grethel-labs/kubelink-usb/internal/controller/backup_controller.go:83.2,84.16 2 2
github.com/grethel-labs/kubelink-usb/internal/controller/backup_controller.go:84.16,86.65 2 0
github.com/grethel-labs/kubelink-usb/internal/controller/backup_controller.go:86.65,88.4 1 0
github.com/grethel-labs/kubelink-usb/internal/controller/backup_controller.go:89.3,90.28 2 0
github.com/grethel-labs/kubelink-usb/internal/controller/backup_controller.go:94.2,106.52 9 2
github.com/grethel-labs/kubelink-usb/internal/controller/backup_controller.go:106.52,108.3 1 0
github.com/grethel-labs/kubelink-usb/internal/controller/backup_controller.go:111.2,114.27 3 2
github.com/grethel-labs/kubelink-usb/internal/controller/backup_controller.go:119.86,121.73 2 2
github.com/grethel-labs/kubelink-usb/internal/controller/backup_controller.go:121.73,123.3 1 1
github.com/grethel-labs/kubelink-usb/internal/controller/backup_controller.go:124.2,125.20 2 1
github.com/grethel-labs/kubelink-usb/internal/controller/backup_controller.go:125.20,127.3 1 0
github.com/grethel-labs/kubelink-usb/internal/controller/backup_controller.go:129.2,130.46 2 1
github.com/grethel-labs/kubelink-usb/internal/controller/backup_controller.go:130.46,132.3 1 0
github.com/grethel-labs/kubelink-usb/internal/controller/backup_controller.go:134.2,135.34 2 1
github.com/grethel-labs/kubelink-usb/internal/controller/backup_controller.go:135.34,136.36 1 3
github.com/grethel-labs/kubelink-usb/internal/controller/backup_controller.go:136.36,138.4 1 3
github.com/grethel-labs/kubelink-usb/internal/controller/backup_controller.go:141.2,141.40 1 1
github.com/grethel-labs/kubelink-usb/internal/controller/backup_controller.go:141.40,143.3 1 0
github.com/grethel-labs/kubelink-usb/internal/controller/backup_controller.go:145.2,145.44 1 1
github.com/grethel-labs/kubelink-usb/internal/controller/backup_controller.go:145.44,147.3 1 2
github.com/grethel-labs/kubelink-usb/internal/controller/backup_controller.go:149.2,150.39 2 1
github.com/grethel-labs/kubelink-usb/internal/controller/backup_controller.go:150.39,152.75 2 1
github.com/grethel-labs/kubelink-usb/internal/controller/backup_controller.go:152.75,154.4 1 0
github.com/grethel-labs/kubelink-usb/internal/controller/backup_controller.go:155.3,155.38 1 1
github.com/grethel-labs/kubelink-usb/internal/controller/backup_controller.go:165.69,169.2 1 0
github.com/grethel-labs/kubelink-usb/internal/controller/health_monitor.go:46.55,48.2 1 8
github.com/grethel-labs/kubelink-usb/internal/controller/health_monitor.go:57.70,60.56 2 3
github.com/grethel-labs/kubelink-usb/internal/controller/health_monitor.go:60.56,62.3 1 0
github.com/grethel-labs/kubelink-usb/internal/controller/health_monitor.go:65.2,66.54 2 3
github.com/grethel-labs/kubelink-usb/internal/controller/health_monitor.go:66.54,68.3 1 0
github.com/grethel-labs/kubelink-usb/internal/controller/health_monitor.go:71.2,72.55 2 3
github.com/grethel-labs/kubelink-usb/internal/controller/health_monitor.go:72.55,74.3 1 0
github.com/grethel-labs/kubelink-usb/internal/controller/health_monitor.go:76.2,77.35 2 3
github.com/grethel-labs/kubelink-usb/internal/controller/health_monitor.go:77.35,80.3 2 1
github.com/grethel-labs/kubelink-usb/internal/controller/health_monitor.go:82.2,82.36 1 3
github.com/grethel-labs/kubelink-usb/internal/controller/health_monitor.go:82.36,83.30 1 2
github.com/grethel-labs/kubelink-usb/internal/controller/health_monitor.go:83.30,85.38 2 2
github.com/grethel-labs/kubelink-usb/internal/controller/health_monitor.go:85.38,90.5 1 1
github.com/grethel-labs/kubelink-usb/internal/controller/health_monitor.go:94.2,94.70 1 2
github.com/grethel-labs/kubelink-usb/internal/controller/health_monitor.go:104.110,105.20 1 5
github.com/grethel-labs/kubelink-usb/internal/controller/health_monitor.go:105.20,107.3 1 1
github.com/grethel-labs/kubelink-usb/internal/controller/health_monitor.go:109.2,113.80 3 4
github.com/grethel-labs/kubelink-usb/internal/controller/health_monitor.go:113.80,115.3 1 0
github.com/grethel-labs/kubelink-usb/internal/controller/health_monitor.go:116.2,117.38 2 4
github.com/grethel-labs/kubelink-usb/internal/controller/health_monitor.go:117.38,120.3 2 1
github.com/grethel-labs/kubelink-usb/internal/controller/health_monitor.go:123.2,124.54 2 3
github.com/grethel-labs/kubelink-usb/internal/controller/health_monitor.go:124.54,126.3 1 0
github.com/grethel-labs/kubelink-usb/internal/controller/health_monitor.go:128.2,129.36 2 3
github.com/grethel-labs/kubelink-usb/internal/controller/health_monitor.go:129.36,130.41 1 1
github.com/grethel-labs/kubelink-usb/internal/controller/health_monitor.go:130.41,131.12 1 0
github.com/grethel-labs/kubelink-usb/internal/controller/health_monitor.go:133.3,134.32 2 1
github.com/grethel-labs/kubelink-usb/internal/controller/health_monitor.go:134.32,137.4 2 1
github.com/grethel-labs/kubelink-usb/internal/controller/health_monitor.go:139.3,139.56 1 0
github.com/grethel-labs/kubelink-usb/internal/controller/health_monitor.go:139.56,141.4 1 0
github.com/grethel-labs/kubelink-usb/internal/controller/health_monitor.go:144.2,144.49 1 2
github.com/grethel-labs/kubelink-usb/internal/controller/health_monitor.go:144.49,147.3 2 0
github.com/grethel-labs/kubelink-usb/internal/controller/health_monitor.go:150.2,151.53 2 2
github.com/grethel-labs/kubelink-usb/internal/controller/health_monitor.go:151.53,153.3 1 0
github.com/grethel-labs/kubelink-usb/internal/controller/health_monitor.go:155.2,156.31 2 2
github.com/grethel-labs/kubelink-usb/internal/controller/health_monitor.go:156.31,158.36 2 1
github.com/grethel-labs/kubelink-usb/internal/controller/health_monitor.go:158.36,159.12 1 0
github.com/grethel-labs/kubelink-usb/internal/controller/health_monitor.go:161.3,161.92 1 1
github.com/grethel-labs/kubelink-usb/internal/controller/health_monitor.go:161.92,163.4 1 1
github.com/grethel-labs/kubelink-usb/internal/controller/health_monitor.go:165.2,165.25 1 2
github.com/grethel-labs/kubelink-usb/internal/controller/health_monitor.go:165.25,168.3 2 1
github.com/grethel-labs/kubelink-usb/internal/controller/health_monitor.go:171.2,181.54 2 1
github.com/grethel-labs/kubelink-usb/internal/controller/health_monitor.go:181.54,183.3 1 0
github.com/grethel-labs/kubelink-usb/internal/controller/health_monitor.go:186.2,188.62 3 1
github.com/grethel-labs/kubelink-usb/internal/controller/health_monitor.go:188.62,190.3 1 0
github.com/grethel-labs/kubelink-usb/internal/controller/health_monitor.go:192.2,193.18 2 1
github.com/grethel-labs/kubelink-usb/internal/controller/restore_controller.go:40.99,44.65 3 9
github.com/grethel-labs/kubelink-usb/internal/controller/restore_controller.go:44.65,45.32 1 1
github.com/grethel-labs/kubelink-usb/internal/controller/restore_controller.go:45.32,47.4 1 1
github.com/grethel-labs/kubelink-usb/internal/controller/restore_controller.go:48.3,48.28 1 0
github.com/grethel-labs/kubelink-usb/internal/controller/restore_controller.go:51.2,51.30 1 8
github.com/grethel-labs/kubelink-usb/internal/controller/restore_controller.go:52.10,53.42 1 4
github.com/grethel-labs/kubelink-usb/internal/controller/restore_controller.go:54.20,55.41 1 1
github.com/grethel-labs/kubelink-usb/internal/controller/restore_controller.go:56.19,57.44 1 1
github.com/grethel-labs/kubelink-usb/internal/controller/restore_controller.go:58.33,59.40 1 1
github.com/grethel-labs/kubelink-usb/internal/controller/restore_controller.go:60.29,61.28 1 1
github.com/grethel-labs/kubelink-usb/internal/controller/restore_controller.go:62.10,64.28 2 0
github.com/grethel-labs/kubelink-usb/internal/controller/restore_controller.go:68.120,75.56 4 4
github.com/grethel-labs/kubelink-usb/internal/controller/restore_controller.go:75.56,77.3 1 0
github.com/grethel-labs/kubelink-usb/internal/controller/restore_controller.go:80.2,81.93 2 4
github.com/grethel-labs/kubelink-usb/internal/controller/restore_controller.go:81.93,83.3 1 1
github.com/grethel-labs/kubelink-usb/internal/controller/restore_controller.go:84.2,84.36 1 3
github.com/grethel-labs/kubelink-usb/internal/controller/restore_controller.go:84.36,86.3 1 0
github.com/grethel-labs/kubelink-usb/internal/controller/restore_controller.go:89.2,90.16 2 3
github.com/grethel-labs/kubelink-usb/internal/controller/restore_controller.go:90.16,92.3 1 0
github.com/grethel-labs/kubelink-usb/internal/controller/restore_controller.go:95.2,95.25 1 3
github.com/grethel-labs/kubelink-usb/internal/controller/restore_controller.go:95.25,101.57 6 1
github.com/grethel-labs/kubelink-usb/internal/controller/restore_controller.go:101.57,103.4 1 0
github.com/grethel-labs/kubelink-usb/internal/controller/restore_controller.go:104.3,104.28 1 1
github.com/grethel-labs/kubelink-usb/internal/controller/restore_controller.go:107.2,109.56 3 2
github.com/grethel-labs/kubelink-usb/internal/controller/restore_controller.go:109.56,111.3 1 0
github.com/grethel-labs/kubelink-usb/internal/controller/restore_controller.go:112.2,112.52 1 2
github.com/grethel-labs/kubelink-usb/internal/controller/restore_controller.go:115.119,119.56 3 1
github.com/grethel-labs/kubelink-usb/internal/controller/restore_controller.go:119.56,121.3 1 0
github.com/grethel-labs/kubelink-usb/internal/controller/restore_controller.go:123.2,124.16 2 1
github.com/grethel-labs/kubelink-usb/internal/controller/restore_controller.go:124.16,126.3 1 0
github.com/grethel-labs/kubelink-usb/internal/controller/restore_controller.go:129.2,130.50 2 1
github.com/grethel-labs/kubelink-usb/internal/controller/restore_controller.go:130.50,132.3 1 0
github.com/grethel-labs/kubelink-usb/internal/controller/restore_controller.go:133.2,133.35 1 1
github.com/grethel-labs/kubelink-usb/internal/controller/restore_controller.go:133.35,134.92 1 0
github.com/grethel-labs/kubelink-usb/internal/controller/restore_controller.go:134.92,136.4 1 0
github.com/grethel-labs/kubelink-usb/internal/controller/restore_controller.go:138.2,138.38 1 1
github.com/grethel-labs/kubelink-usb/internal/controller/restore_controller.go:138.38,142.43 4 1
github.com/grethel-labs/kubelink-usb/internal/controller/restore_controller.go:142.43,144.4 1 0
github.com/grethel-labs/kubelink-usb/internal/controller/restore_controller.go:148.2,149.55 2 1
github.com/grethel-labs/kubelink-usb/internal/controller/restore_controller.go:149.55,151.3 1 0
github.com/grethel-labs/kubelink-usb/internal/controller/restore_controller.go:152.2,152.40 1 1
github.com/grethel-labs/kubelink-usb/internal/controller/restore_controller.go:152.40,153.97 1 0
github.com/grethel-labs/kubelink-usb/internal/controller/restore_controller.go:153.97,155.4 1 0
github.com/grethel-labs/kubelink-usb/internal/controller/restore_controller.go:157.2,157.36 1 1
github.com/grethel-labs/kubelink-usb/internal/controller/restore_controller.go:157.36,161.44 4 1
github.com/grethel-labs/kubelink-usb/internal/controller/restore_controller.go:161.44,163.4 1 0
github.com/grethel-labs/kubelink-usb/internal/controller/restore_controller.go:167.2,168.56 2 1
github.com/grethel-labs/kubelink-usb/internal/controller/restore_controller.go:168.56,170.3 1 0
github.com/grethel-labs/kubelink-usb/internal/controller/restore_controller.go:171.2,171.41 1 1
github.com/grethel-labs/kubelink-usb/internal/controller/restore_controller.go:171.41,172.98 1 0
github.com/grethel-labs/kubelink-usb/internal/controller/restore_controller.go:172.98,174.4 1 0
github.com/grethel-labs/kubelink-usb/internal/controller/restore_controller.go:176.2,176.37 1 1
github.com/grethel-labs/kubelink-usb/internal/controller/restore_controller.go:176.37,180.45 4 1
github.com/grethel-labs/kubelink-usb/internal/controller/restore_controller.go:180.45,182.4 1 0
github.com/grethel-labs/kubelink-usb/internal/controller/restore_controller.go:185.2,190.56 2 1
github.com/grethel-labs/kubelink-usb/internal/controller/restore_controller.go:190.56,192.3 1 0
github.com/grethel-labs/kubelink-usb/internal/controller/restore_controller.go:193.2,193.52 1 1
github.com/grethel-labs/kubelink-usb/internal/controller/restore_controller.go:196.122,200.56 3 1
github.com/grethel-labs/kubelink-usb/internal/controller/restore_controller.go:200.56,202.3 1 0
github.com/grethel-labs/kubelink-usb/internal/controller/restore_controller.go:205.2,206.50 2 1
github.com/grethel-labs/kubelink-usb/internal/controller/restore_controller.go:206.50,208.3 1 0
github.com/grethel-labs/kubelink-usb/internal/controller/restore_controller.go:211.2,212.49 2 1
github.com/grethel-labs/kubelink-usb/internal/controller/restore_controller.go:212.49,214.3 1 0
github.com/grethel-labs/kubelink-usb/internal/controller/restore_controller.go:215.2,216.38 2 1
github.com/grethel-labs/kubelink-usb/internal/controller/restore_controller.go:216.38,217.37 1 1
github.com/grethel-labs/kubelink-usb/internal/controller/restore_controller.go:217.37,219.4 1 1
github.com/grethel-labs/kubelink-usb/internal/controller/restore_controller.go:222.2,226.35 2 1
github.com/grethel-labs/kubelink-usb/internal/controller/restore_controller.go:226.35,231.17 4 0
github.com/grethel-labs/kubelink-usb/internal/controller/restore_controller.go:231.17,234.67 2 0
github.com/grethel-labs/kubelink-usb/internal/controller/restore_controller.go:234.67,236.5 1 0
github.com/grethel-labs/kubelink-usb/internal/controller/restore_controller.go:237.4,239.12 3 0
github.com/grethel-labs/kubelink-usb/internal/controller/restore_controller.go:244.3,245.28 2 0
github.com/grethel-labs/kubelink-usb/internal/controller/restore_controller.go:245.28,246.44 1 0
github.com/grethel-labs/kubelink-usb/internal/controller/restore_controller.go:246.44,248.68 2 0
github.com/grethel-labs/kubelink-usb/internal/controller/restore_controller.go:248.68,250.6 1 0
github.com/grethel-labs/kubelink-usb/internal/controller/restore_controller.go:251.5,253.13 3 0
github.com/grethel-labs/kubelink-usb/internal/controller/restore_controller.go:256.3,256.23 1 0
github.com/grethel-labs/kubelink-usb/internal/controller/restore_controller.go:259.2,260.56 2 1
github.com/grethel-labs/kubelink-usb/internal/controller/restore_controller.go:260.56,262.3 1 0
github.com/grethel-labs/kubelink-usb/internal/controller/restore_controller.go:263.2,263.52 1 1
github.com/grethel-labs/kubelink-usb/internal/controller/restore_controller.go:266.118,270.56 4 1
github.com/grethel-labs/kubelink-usb/internal/controller/restore_controller.go:270.56,272.3 1 0
github.com/grethel-labs/kubelink-usb/internal/controller/restore_controller.go:273.2,273.27 1 1
github.com/grethel-labs/kubelink-usb/internal/controller/restore_controller.go:276.131,278.49 2 1
github.com/grethel-labs/kubelink-usb/internal/controller/restore_controller.go:278.49,281.3 2 1
github.com/grethel-labs/kubelink-usb/internal/controller/restore_controller.go:282.2,282.56 1 1
github.com/grethel-labs/kubelink-usb/internal/controller/restore_controller.go:282.56,284.3 1 0
github.com/grethel-labs/kubelink-usb/internal/controller/restore_controller.go:285.2,285.27 1 1
github.com/grethel-labs/kubelink-usb/internal/controller/restore_controller.go:294.70,298.2 1 0
github.com/grethel-labs/kubelink-usb/internal/controller/usbconnection_controller.go:58.105,62.62 3 8
github.com/grethel-labs/kubelink-usb/internal/controller/usbconnection_controller.go:62.62,63.32 1 1
github.com/grethel-labs/kubelink-usb/internal/controller/usbconnection_controller.go:63.32,65.4 1 1
github.com/grethel-labs/kubelink-usb/internal/controller/usbconnection_controller.go:66.3,66.28 1 0
github.com/grethel-labs/kubelink-usb/internal/controller/usbconnection_controller.go:70.2,70.35 1 7
github.com/grethel-labs/kubelink-usb/internal/controller/usbconnection_controller.go:70.35,71.70 1 1
github.com/grethel-labs/kubelink-usb/internal/controller/usbconnection_controller.go:71.70,74.47 3 1
github.com/grethel-labs/kubelink-usb/internal/controller/usbconnection_controller.go:74.47,76.5 1 0
github.com/grethel-labs/kubelink-usb/internal/controller/usbconnection_controller.go:78.3,78.28 1 1
github.com/grethel-labs/kubelink-usb/internal/controller/usbconnection_controller.go:82.2,82.70 1 6
github.com/grethel-labs/kubelink-usb/internal/controller/usbconnection_controller.go:82.70,84.46 2 6
github.com/grethel-labs/kubelink-usb/internal/controller/usbconnection_controller.go:84.46,86.4 1 0
github.com/grethel-labs/kubelink-usb/internal/controller/usbconnection_controller.go:90.2,90.29 1 6
github.com/grethel-labs/kubelink-usb/internal/controller/usbconnection_controller.go:90.29,93.55 3 1
github.com/grethel-labs/kubelink-usb/internal/controller/usbconnection_controller.go:93.55,95.4 1 0
github.com/grethel-labs/kubelink-usb/internal/controller/usbconnection_controller.go:96.3,98.41 3 1
github.com/grethel-labs/kubelink-usb/internal/controller/usbconnection_controller.go:102.2,103.98 2 5
github.com/grethel-labs/kubelink-usb/internal/controller/usbconnection_controller.go:103.98,104.32 1 0
github.com/grethel-labs/kubelink-usb/internal/controller/usbconnection_controller.go:104.32,106.4 1 0
github.com/grethel-labs/kubelink-usb/internal/controller/usbconnection_controller.go:107.3,107.28 1 0
github.com/grethel-labs/kubelink-usb/internal/controller/usbconnection_controller.go:110.2,111.16 2 5
github.com/grethel-labs/kubelink-usb/internal/controller/usbconnection_controller.go:111.16,113.3 1 0
github.com/grethel-labs/kubelink-usb/internal/controller/usbconnection_controller.go:115.2,115.43 1 5
github.com/grethel-labs/kubelink-usb/internal/controller/usbconnection_controller.go:115.43,117.3 1 3
github.com/grethel-labs/kubelink-usb/internal/controller/usbconnection_controller.go:120.2,120.77 1 2
github.com/grethel-labs/kubelink-usb/internal/controller/usbconnection_controller.go:120.77,122.3 1 1
github.com/grethel-labs/kubelink-usb/internal/controller/usbconnection_controller.go:124.2,124.27 1 1
github.com/grethel-labs/kubelink-usb/internal/controller/usbconnection_controller.go:125.17,128.55 3 0
github.com/grethel-labs/kubelink-usb/internal/controller/usbconnection_controller.go:128.55,130.4 1 0
github.com/grethel-labs/kubelink-usb/internal/controller/usbconnection_controller.go:131.3,134.41 4 0
github.com/grethel-labs/kubelink-usb/internal/controller/usbconnection_controller.go:136.22,139.55 3 0
github.com/grethel-labs/kubelink-usb/internal/controller/usbconnection_controller.go:139.55,141.4 1 0
github.com/grethel-labs/kubelink-usb/internal/controller/usbconnection_controller.go:142.3,145.41 4 0
github.com/grethel-labs/kubelink-usb/internal/controller/usbconnection_controller.go:147.20,149.42 1 1
github.com/grethel-labs/kubelink-usb/internal/controller/usbconnection_controller.go:149.42,155.4 1 0
github.com/grethel-labs/kubelink-usb/internal/controller/usbconnection_controller.go:156.3,160.55 5 1
github.com/grethel-labs/kubelink-usb/internal/controller/usbconnection_controller.go:160.55,162.4 1 0
github.com/grethel-labs/kubelink-usb/internal/controller/usbconnection_controller.go:163.3,166.28 4 1
github.com/grethel-labs/kubelink-usb/internal/controller/usbconnection_controller.go:168.19,169.28 1 0
github.com/grethel-labs/kubelink-usb/internal/controller/usbconnection_controller.go:171.16,172.28 1 0
github.com/grethel-labs/kubelink-usb/internal/controller/usbconnection_controller.go:175.2,175.27 1 0
github.com/grethel-labs/kubelink-usb/internal/controller/usbconnection_controller.go:178.140,181.53 3 2
github.com/grethel-labs/kubelink-usb/internal/controller/usbconnection_controller.go:181.53,183.3 1 0
github.com/grethel-labs/kubelink-usb/internal/controller/usbconnection_controller.go:184.2,188.27 5 2
github.com/grethel-labs/kubelink-usb/internal/controller/usbconnection_controller.go:191.170,193.41 2 3
github.com/grethel-labs/kubelink-usb/internal/controller/usbconnection_controller.go:193.41,195.3 1 1
github.com/grethel-labs/kubelink-usb/internal/controller/usbconnection_controller.go:197.2,198.41 2 3
github.com/grethel-labs/kubelink-usb/internal/controller/usbconnection_controller.go:198.41,199.93 1 2
github.com/grethel-labs/kubelink-usb/internal/controller/usbconnection_controller.go:199.93,202.4 2 2
github.com/grethel-labs/kubelink-usb/internal/controller/usbconnection_controller.go:205.2,205.53 1 3
github.com/grethel-labs/kubelink-usb/internal/controller/usbconnection_controller.go:205.53,207.3 1 0
github.com/grethel-labs/kubelink-usb/internal/controller/usbconnection_controller.go:208.2,211.42 3 3
github.com/grethel-labs/kubelink-usb/internal/controller/usbconnection_controller.go:211.42,213.3 1 1
github.com/grethel-labs/kubelink-usb/internal/controller/usbconnection_controller.go:214.2,214.48 1 2
github.com/grethel-labs/kubelink-usb/internal/controller/usbconnection_controller.go:217.154,222.78 4 5
github.com/grethel-labs/kubelink-usb/internal/controller/usbconnection_controller.go:222.78,224.3 1 0
github.com/grethel-labs/kubelink-usb/internal/controller/usbconnection_controller.go:226.2,227.32 2 5
github.com/grethel-labs/kubelink-usb/internal/controller/usbconnection_controller.go:227.32,229.47 2 1
github.com/grethel-labs/kubelink-usb/internal/controller/usbconnection_controller.go:229.47,230.12 1 0
github.com/grethel-labs/kubelink-usb/internal/controller/usbconnection_controller.go:232.3,232.50 1 1
github.com/grethel-labs/kubelink-usb/internal/controller/usbconnection_controller.go:232.50,234.4 1 1
github.com/grethel-labs/kubelink-usb/internal/controller/usbconnection_controller.go:235.3,235.58 1 1
github.com/grethel-labs/kubelink-usb/internal/controller/usbconnection_controller.go:235.58,237.4 1 1
github.com/grethel-labs/kubelink-usb/internal/controller/usbconnection_controller.go:238.3,238.8 1 1
github.com/grethel-labs/kubelink-usb/internal/controller/usbconnection_controller.go:241.2,241.33 1 5
github.com/grethel-labs/kubelink-usb/internal/controller/usbconnection_controller.go:250.76,254.2 1 0
github.com/grethel-labs/kubelink-usb/internal/controller/usbdevice_controller.go:47.101,50.64 3 3
github.com/grethel-labs/kubelink-usb/internal/controller/usbdevice_controller.go:50.64,51.32 1 1
github.com/grethel-labs/kubelink-usb/internal/controller/usbdevice_controller.go:51.32,53.4 1 1
github.com/grethel-labs/kubelink-usb/internal/controller/usbdevice_controller.go:54.3,54.28 1 0
github.com/grethel-labs/kubelink-usb/internal/controller/usbdevice_controller.go:57.2,57.37 1 2
github.com/grethel-labs/kubelink-usb/internal/controller/usbdevice_controller.go:57.37,58.68 1 1
github.com/grethel-labs/kubelink-usb/internal/controller/usbdevice_controller.go:58.68,60.49 2 1
github.com/grethel-labs/kubelink-usb/internal/controller/usbdevice_controller.go:60.49,62.5 1 0
github.com/grethel-labs/kubelink-usb/internal/controller/usbdevice_controller.go:64.3,64.28 1 1
github.com/grethel-labs/kubelink-usb/internal/controller/usbdevice_controller.go:67.2,67.68 1 1
github.com/grethel-labs/kubelink-usb/internal/controller/usbdevice_controller.go:67.68,69.48 2 1
github.com/grethel-labs/kubelink-usb/internal/controller/usbdevice_controller.go:69.48,71.4 1 0
github.com/grethel-labs/kubelink-usb/internal/controller/usbdevice_controller.go:74.2,74.31 1 1
github.com/grethel-labs/kubelink-usb/internal/controller/usbdevice_controller.go:74.31,80.57 6 1
github.com/grethel-labs/kubelink-usb/internal/controller/usbdevice_controller.go:80.57,82.4 1 0
github.com/grethel-labs/kubelink-usb/internal/controller/usbdevice_controller.go:83.3,84.100 2 1
github.com/grethel-labs/kubelink-usb/internal/controller/usbdevice_controller.go:87.2,88.27 2 1
github.com/grethel-labs/kubelink-usb/internal/controller/usbdevice_controller.go:97.72,101.2 1 0
github.com/grethel-labs/kubelink-usb/internal/usbip/client.go:16.54,19.2 2 0
github.com/grethel-labs/kubelink-usb/internal/usbip/client.go:28.80,31.16 3 1
github.com/grethel-labs/kubelink-usb/internal/usbip/client.go:31.16,33.3 1 0
github.com/grethel-labs/kubelink-usb/internal/usbip/client.go:34.2,37.41 3 1
github.com/grethel-labs/kubelink-usb/internal/usbip/client.go:37.41,39.3 1 0
github.com/grethel-labs/kubelink-usb/internal/usbip/client.go:41.2,42.16 2 1
github.com/grethel-labs/kubelink-usb/internal/usbip/client.go:42.16,44.3 1 0
github.com/grethel-labs/kubelink-usb/internal/usbip/client.go:46.2,46.26 1 1
github.com/grethel-labs/kubelink-usb/internal/usbip/client.go:56.85,59.16 3 0
github.com/grethel-labs/kubelink-usb/internal/usbip/client.go:59.16,61.3 1 0
github.com/grethel-labs/kubelink-usb/internal/usbip/client.go:62.2,65.41 3 0
github.com/grethel-labs/kubelink-usb/internal/usbip/client.go:65.41,67.3 1 0
github.com/grethel-labs/kubelink-usb/internal/usbip/client.go:69.2,70.16 2 0
github.com/grethel-labs/kubelink-usb/internal/usbip/client.go:70.16,72.3 1 0
github.com/grethel-labs/kubelink-usb/internal/usbip/client.go:74.2,74.29 1 0
github.com/grethel-labs/kubelink-usb/internal/usbip/client.go:74.29,76.3 1 0
github.com/grethel-labs/kubelink-usb/internal/usbip/client.go:78.2,78.18 1 0
github.com/grethel-labs/kubelink-usb/internal/usbip/protocol.go:35.49,37.2 1 10
github.com/grethel-labs/kubelink-usb/internal/usbip/protocol.go:40.49,42.2 1 11
github.com/grethel-labs/kubelink-usb/internal/usbip/protocol.go:45.36,51.2 1 2
github.com/grethel-labs/kubelink-usb/internal/usbip/protocol.go:70.53,73.43 3 2
github.com/grethel-labs/kubelink-usb/internal/usbip/protocol.go:73.43,75.3 1 0
github.com/grethel-labs/kubelink-usb/internal/usbip/protocol.go:76.2,77.70 2 2
github.com/grethel-labs/kubelink-usb/internal/usbip/protocol.go:77.70,79.3 1 0
github.com/grethel-labs/kubelink-usb/internal/usbip/protocol.go:80.2,80.32 1 2
github.com/grethel-labs/kubelink-usb/internal/usbip/protocol.go:80.32,81.65 1 2
github.com/grethel-labs/kubelink-usb/internal/usbip/protocol.go:81.65,83.4 1 0
github.com/grethel-labs/kubelink-usb/internal/usbip/protocol.go:85.2,85.12 1 2
github.com/grethel-labs/kubelink-usb/internal/usbip/protocol.go:89.67,91.46 2 3
github.com/grethel-labs/kubelink-usb/internal/usbip/protocol.go:91.46,93.3 1 0
github.com/grethel-labs/kubelink-usb/internal/usbip/protocol.go:94.2,94.38 1 3
github.com/grethel-labs/kubelink-usb/internal/usbip/protocol.go:94.38,96.3 1 1
github.com/grethel-labs/kubelink-usb/internal/usbip/protocol.go:97.2,98.70 2 2
github.com/grethel-labs/kubelink-usb/internal/usbip/protocol.go:98.70,100.3 1 0
github.com/grethel-labs/kubelink-usb/internal/usbip/protocol.go:101.2,101.22 1 2
github.com/grethel-labs/kubelink-usb/internal/usbip/protocol.go:101.22,103.3 1 0
github.com/grethel-labs/kubelink-usb/internal/usbip/protocol.go:104.2,105.30 2 2
github.com/grethel-labs/kubelink-usb/internal/usbip/protocol.go:105.30,106.76 1 2
github.com/grethel-labs/kubelink-usb/internal/usbip/protocol.go:106.76,108.4 1 0
github.com/grethel-labs/kubelink-usb/internal/usbip/protocol.go:110.2,110.18 1 2
github.com/grethel-labs/kubelink-usb/internal/usbip/protocol.go:120.52,130.2 3 1
github.com/grethel-labs/kubelink-usb/internal/usbip/protocol.go:133.51,134.43 1 1
github.com/grethel-labs/kubelink-usb/internal/usbip/protocol.go:134.43,136.3 1 0
github.com/grethel-labs/kubelink-usb/internal/usbip/protocol.go:137.2,137.51 1 1
github.com/grethel-labs/kubelink-usb/internal/usbip/protocol.go:141.63,143.45 2 1
github.com/grethel-labs/kubelink-usb/internal/usbip/protocol.go:143.45,145.3 1 0
github.com/grethel-labs/kubelink-usb/internal/usbip/protocol.go:146.2,146.36 1 1
github.com/grethel-labs/kubelink-usb/internal/usbip/protocol.go:146.36,148.3 1 0
github.com/grethel-labs/kubelink-usb/internal/usbip/protocol.go:149.2,149.69 1 1
github.com/grethel-labs/kubelink-usb/internal/usbip/protocol.go:149.69,151.3 1 0
github.com/grethel-labs/kubelink-usb/internal/usbip/protocol.go:152.2,152.17 1 1
github.com/grethel-labs/kubelink-usb/internal/usbip/protocol.go:167.52,170.43 3 1
github.com/grethel-labs/kubelink-usb/internal/usbip/protocol.go:170.43,172.3 1 0
github.com/grethel-labs/kubelink-usb/internal/usbip/protocol.go:173.2,173.67 1 1
github.com/grethel-labs/kubelink-usb/internal/usbip/protocol.go:173.67,175.3 1 0
github.com/grethel-labs/kubelink-usb/internal/usbip/protocol.go:176.2,176.68 1 1
github.com/grethel-labs/kubelink-usb/internal/usbip/protocol.go:176.68,178.3 1 0
github.com/grethel-labs/kubelink-usb/internal/usbip/protocol.go:179.2,179.68 1 1
github.com/grethel-labs/kubelink-usb/internal/usbip/protocol.go:179.68,181.3 1 0
github.com/grethel-labs/kubelink-usb/internal/usbip/protocol.go:182.2,182.67 1 1
github.com/grethel-labs/kubelink-usb/internal/usbip/protocol.go:182.67,184.3 1 0
github.com/grethel-labs/kubelink-usb/internal/usbip/protocol.go:185.2,185.70 1 1
github.com/grethel-labs/kubelink-usb/internal/usbip/protocol.go:185.70,187.3 1 0
github.com/grethel-labs/kubelink-usb/internal/usbip/protocol.go:188.2,188.55 1 1
github.com/grethel-labs/kubelink-usb/internal/usbip/protocol.go:192.65,194.46 2 1
github.com/grethel-labs/kubelink-usb/internal/usbip/protocol.go:194.46,196.3 1 0
github.com/grethel-labs/kubelink-usb/internal/usbip/protocol.go:197.2,197.37 1 1
github.com/grethel-labs/kubelink-usb/internal/usbip/protocol.go:197.37,199.3 1 0
github.com/grethel-labs/kubelink-usb/internal/usbip/protocol.go:200.2,200.70 1 1
github.com/grethel-labs/kubelink-usb/internal/usbip/protocol.go:200.70,202.3 1 0
github.com/grethel-labs/kubelink-usb/internal/usbip/protocol.go:203.2,203.71 1 1
github.com/grethel-labs/kubelink-usb/internal/usbip/protocol.go:203.71,205.3 1 0
github.com/grethel-labs/kubelink-usb/internal/usbip/protocol.go:206.2,206.71 1 1
github.com/grethel-labs/kubelink-usb/internal/usbip/protocol.go:206.71,208.3 1 0
github.com/grethel-labs/kubelink-usb/internal/usbip/protocol.go:209.2,209.70 1 1
github.com/grethel-labs/kubelink-usb/internal/usbip/protocol.go:209.70,211.3 1 0
github.com/grethel-labs/kubelink-usb/internal/usbip/protocol.go:212.2,212.73 1 1
github.com/grethel-labs/kubelink-usb/internal/usbip/protocol.go:212.73,214.3 1 0
github.com/grethel-labs/kubelink-usb/internal/usbip/protocol.go:215.2,215.74 1 1
github.com/grethel-labs/kubelink-usb/internal/usbip/protocol.go:215.74,217.3 1 0
github.com/grethel-labs/kubelink-usb/internal/usbip/protocol.go:218.2,218.18 1 1
github.com/grethel-labs/kubelink-usb/internal/usbip/server.go:25.52,27.2 1 0
github.com/grethel-labs/kubelink-usb/internal/usbip/server.go:30.89,33.16 3 1
github.com/grethel-labs/kubelink-usb/internal/usbip/server.go:33.16,35.3 1 0
github.com/grethel-labs/kubelink-usb/internal/usbip/server.go:36.2,38.12 2 1
github.com/grethel-labs/kubelink-usb/internal/usbip/server.go:38.12,41.3 2 1
github.com/grethel-labs/kubelink-usb/internal/usbip/server.go:43.2,43.6 1 1
github.com/grethel-labs/kubelink-usb/internal/usbip/server.go:43.6,45.17 2 2
github.com/grethel-labs/kubelink-usb/internal/usbip/server.go:45.17,46.11 1 1
github.com/grethel-labs/kubelink-usb/internal/usbip/server.go:47.22,48.15 1 1
github.com/grethel-labs/kubelink-usb/internal/usbip/server.go:49.12,50.41 1 0
github.com/grethel-labs/kubelink-usb/internal/usbip/server.go:53.3,53.43 1 1
github.com/grethel-labs/kubelink-usb/internal/usbip/server.go:57.84,61.44 3 1
github.com/grethel-labs/kubelink-usb/internal/usbip/server.go:61.44,63.3 1 0
github.com/grethel-labs/kubelink-usb/internal/usbip/server.go:65.2,65.21 1 1
github.com/grethel-labs/kubelink-usb/internal/usbip/server.go:66.20,67.32 1 1
github.com/grethel-labs/kubelink-usb/internal/usbip/server.go:68.19,69.31 1 0
github.com/grethel-labs/kubelink-usb/internal/usbip/server.go:73.60,75.21 2 1
github.com/grethel-labs/kubelink-usb/internal/usbip/server.go:75.21,77.3 1 1
github.com/grethel-labs/kubelink-usb/internal/usbip/server.go:78.2,82.19 2 1
github.com/grethel-labs/kubelink-usb/internal/usbip/server.go:85.59,87.68 2 0
github.com/grethel-labs/kubelink-usb/internal/usbip/server.go:87.68,89.3 1 0
github.com/grethel-labs/kubelink-usb/internal/usbip/server.go:91.2,96.21 2 0
github.com/grethel-labs/kubelink-usb/internal/usbip/server.go:96.21,98.50 2 0
github.com/grethel-labs/kubelink-usb/internal/usbip/server.go:98.50,104.4 5 0
github.com/grethel-labs/kubelink-usb/internal/usbip/server.go:104.9,106.4 1 0
github.com/grethel-labs/kubelink-usb/internal/usbip/server.go:109.2,109.19 1 0
github.com/grethel-labs/kubelink-usb/internal/metrics/metrics.go:51.17,52.25 1 6
github.com/grethel-labs/kubelink-usb/internal/metrics/metrics.go:52.25,58.3 5 1
github.com/grethel-labs/kubelink-usb/internal/metrics/metrics.go:61.53,62.65 1 5
github.com/grethel-labs/kubelink-usb/internal/metrics/metrics.go:62.65,63.60 1 0
github.com/grethel-labs/kubelink-usb/internal/metrics/metrics.go:63.60,64.14 1 0
github.com/grethel-labs/kubelink-usb/internal/metrics/metrics.go:71.46,74.2 2 1
github.com/grethel-labs/kubelink-usb/internal/metrics/metrics.go:78.54,81.2 2 1
github.com/grethel-labs/kubelink-usb/internal/metrics/metrics.go:85.57,87.16 2 2
github.com/grethel-labs/kubelink-usb/internal/metrics/metrics.go:87.16,89.3 1 0
github.com/grethel-labs/kubelink-usb/internal/metrics/metrics.go:90.2,90.98 1 2
github.com/grethel-labs/kubelink-usb/internal/metrics/metrics.go:95.41,98.2 2 2
github.com/grethel-labs/kubelink-usb/internal/metrics/metrics.go:102.45,105.2 2 0
github.com/grethel-labs/kubelink-usb/internal/metrics/metrics.go:107.107,108.16 1 2
github.com/grethel-labs/kubelink-usb/internal/metrics/metrics.go:108.16,110.3 1 0
github.com/grethel-labs/kubelink-usb/internal/metrics/metrics.go:112.2,115.16 3 2
github.com/grethel-labs/kubelink-usb/internal/metrics/metrics.go:115.16,116.28 1 1
github.com/grethel-labs/kubelink-usb/internal/metrics/metrics.go:116.28,118.4 1 1
github.com/grethel-labs/kubelink-usb/internal/metrics/metrics.go:119.3,119.62 1 1
github.com/grethel-labs/kubelink-usb/internal/metrics/metrics.go:121.2,121.14 1 2
github.com/grethel-labs/kubelink-usb/internal/metrics/metrics.go:121.14,124.3 2 2
github.com/grethel-labs/kubelink-usb/internal/metrics/metrics.go:126.2,126.45 1 2
github.com/grethel-labs/kubelink-usb/internal/metrics/metrics.go:130.112,131.49 1 1
github.com/grethel-labs/kubelink-usb/internal/metrics/metrics.go:131.49,133.3 1 0
github.com/grethel-labs/kubelink-usb/internal/metrics/metrics.go:134.2,134.157 1 1
github.com/grethel-labs/kubelink-usb/internal/metrics/metrics.go:137.38,138.13 1 6
github.com/grethel-labs/kubelink-usb/internal/metrics/metrics.go:138.13,140.3 1 1
github.com/grethel-labs/kubelink-usb/internal/metrics/metrics.go:141.2,141.10 1 5
github.com/grethel-labs/kubelink-usb/internal/utils/fingerprint.go:20.90,22.24 2 6
github.com/grethel-labs/kubelink-usb/internal/utils/fingerprint.go:22.24,24.3 1 4
github.com/grethel-labs/kubelink-usb/internal/utils/fingerprint.go:24.8,26.3 1 2
github.com/grethel-labs/kubelink-usb/internal/utils/fingerprint.go:28.2,29.30 2 6
github.com/grethel-labs/kubelink-usb/internal/utils/fingerprint.go:34.40,39.32 3 12
github.com/grethel-labs/kubelink-usb/internal/utils/fingerprint.go:39.32,41.3 1 11
github.com/grethel-labs/kubelink-usb/internal/utils/fingerprint.go:43.2,45.17 2 12
github.com/grethel-labs/kubelink-usb/internal/utils/fingerprint.go:45.17,48.3 2 2
github.com/grethel-labs/kubelink-usb/internal/utils/fingerprint.go:50.2,50.13 1 12
github.com/grethel-labs/kubelink-usb/internal/utils/fingerprint.go:50.13,52.3 1 2
github.com/grethel-labs/kubelink-usb/internal/utils/fingerprint.go:53.2,53.10 1 10
github.com/grethel-labs/kubelink-usb/internal/utils/net.go:7.39,9.16 2 2
github.com/grethel-labs/kubelink-usb/internal/utils/net.go:9.16,11.3 1 1
github.com/grethel-labs/kubelink-usb/internal/utils/net.go:12.2,13.13 2 1
github.com/grethel-labs/kubelink-usb/internal/utils/udev.go:7.66,9.21 2 4
github.com/grethel-labs/kubelink-usb/internal/utils/udev.go:9.21,11.3 1 3
github.com/grethel-labs/kubelink-usb/internal/utils/udev.go:12.2,12.27 1 1
github.com/grethel-labs/kubelink-usb/internal/webhook/device_defaulter.go:23.53,25.2 1 1
github.com/grethel-labs/kubelink-usb/internal/webhook/device_defaulter.go:28.80,30.9 2 2
github.com/grethel-labs/kubelink-usb/internal/webhook/device_defaulter.go:30.9,32.3 1 0
github.com/grethel-labs/kubelink-usb/internal/webhook/device_defaulter.go:33.2,33.35 1 2
github.com/grethel-labs/kubelink-usb/internal/webhook/device_defaulter.go:33.35,35.3 1 1
github.com/grethel-labs/kubelink-usb/internal/webhook/device_defaulter.go:36.2,36.35 1 2
github.com/grethel-labs/kubelink-usb/internal/webhook/device_defaulter.go:36.35,38.3 1 1
github.com/grethel-labs/kubelink-usb/internal/webhook/device_defaulter.go:39.2,39.32 1 2
github.com/grethel-labs/kubelink-usb/internal/webhook/device_defaulter.go:39.32,41.3 1 1
github.com/grethel-labs/kubelink-usb/internal/webhook/device_defaulter.go:42.2,42.12 1 2
github.com/grethel-labs/kubelink-usb/internal/webhook/policy_validator.go:27.53,29.2 1 1
github.com/grethel-labs/kubelink-usb/internal/webhook/policy_validator.go:32.109,34.2 1 4
github.com/grethel-labs/kubelink-usb/internal/webhook/policy_validator.go:37.115,39.2 1 1
github.com/grethel-labs/kubelink-usb/internal/webhook/policy_validator.go:42.107,44.2 1 1
github.com/grethel-labs/kubelink-usb/internal/webhook/policy_validator.go:46.53,48.9 2 5
github.com/grethel-labs/kubelink-usb/internal/webhook/policy_validator.go:48.9,50.3 1 0
github.com/grethel-labs/kubelink-usb/internal/webhook/policy_validator.go:52.2,53.99 2 5
github.com/grethel-labs/kubelink-usb/internal/webhook/policy_validator.go:53.99,55.3 1 1
github.com/grethel-labs/kubelink-usb/internal/webhook/policy_validator.go:56.2,56.101 1 5
github.com/grethel-labs/kubelink-usb/internal/webhook/policy_validator.go:56.101,58.3 1 1
github.com/grethel-labs/kubelink-usb/internal/webhook/policy_validator.go:60.2,60.23 1 5
github.com/grethel-labs/kubelink-usb/internal/webhook/policy_validator.go:60.23,62.3 1 3
github.com/grethel-labs/kubelink-usb/internal/webhook/policy_validator.go:64.2,68.3 1 2
github.com/grethel-labs/kubelink-usb/internal/agent/bridge.go:38.105,39.19 1 3
github.com/grethel-labs/kubelink-usb/internal/agent/bridge.go:39.19,41.3 1 1
github.com/grethel-labs/kubelink-usb/internal/agent/bridge.go:42.2,42.81 1 3
github.com/grethel-labs/kubelink-usb/internal/agent/bridge.go:46.93,47.21 1 5
github.com/grethel-labs/kubelink-usb/internal/agent/bridge.go:47.21,49.3 1 1
github.com/grethel-labs/kubelink-usb/internal/agent/bridge.go:51.2,51.20 1 4
github.com/grethel-labs/kubelink-usb/internal/agent/bridge.go:52.25,53.38 1 2
github.com/grethel-labs/kubelink-usb/internal/agent/bridge.go:54.28,55.41 1 1
github.com/grethel-labs/kubelink-usb/internal/agent/bridge.go:56.10,57.13 1 1
github.com/grethel-labs/kubelink-usb/internal/agent/bridge.go:61.77,68.31 6 2
github.com/grethel-labs/kubelink-usb/internal/agent/bridge.go:68.31,80.66 2 1
github.com/grethel-labs/kubelink-usb/internal/agent/bridge.go:80.66,82.4 1 0
github.com/grethel-labs/kubelink-usb/internal/agent/bridge.go:83.3,84.13 2 1
github.com/grethel-labs/kubelink-usb/internal/agent/bridge.go:86.2,86.16 1 1
github.com/grethel-labs/kubelink-usb/internal/agent/bridge.go:86.16,88.3 1 0
github.com/grethel-labs/kubelink-usb/internal/agent/bridge.go:90.2,94.68 5 1
github.com/grethel-labs/kubelink-usb/internal/agent/bridge.go:94.68,96.3 1 0
github.com/grethel-labs/kubelink-usb/internal/agent/bridge.go:98.2,98.45 1 1
github.com/grethel-labs/kubelink-usb/internal/agent/bridge.go:98.45,103.78 5 1
github.com/grethel-labs/kubelink-usb/internal/agent/bridge.go:103.78,105.4 1 0
github.com/grethel-labs/kubelink-usb/internal/agent/bridge.go:106.3,106.61 1 1
github.com/grethel-labs/kubelink-usb/internal/agent/bridge.go:109.2,110.12 2 1
github.com/grethel-labs/kubelink-usb/internal/agent/bridge.go:113.80,115.56 2 1
github.com/grethel-labs/kubelink-usb/internal/agent/bridge.go:115.56,117.3 1 0
github.com/grethel-labs/kubelink-usb/internal/agent/bridge.go:119.2,120.34 2 1
github.com/grethel-labs/kubelink-usb/internal/agent/bridge.go:120.34,122.55 2 1
github.com/grethel-labs/kubelink-usb/internal/agent/bridge.go:122.55,123.12 1 0
github.com/grethel-labs/kubelink-usb/internal/agent/bridge.go:125.3,129.63 5 1
github.com/grethel-labs/kubelink-usb/internal/agent/bridge.go:129.63,131.4 1 0
github.com/grethel-labs/kubelink-usb/internal/agent/bridge.go:132.3,133.85 2 1
github.com/grethel-labs/kubelink-usb/internal/agent/bridge.go:135.2,135.12 1 1
github.com/grethel-labs/kubelink-usb/internal/agent/bridge.go:138.41,139.50 1 5
github.com/grethel-labs/kubelink-usb/internal/agent/bridge.go:139.50,141.3 1 4
github.com/grethel-labs/kubelink-usb/internal/agent/bridge.go:142.2,142.11 1 1
github.com/grethel-labs/kubelink-usb/internal/agent/bridge.go:145.82,146.36 1 5
github.com/grethel-labs/kubelink-usb/internal/agent/bridge.go:146.36,148.3 1 2
github.com/grethel-labs/kubelink-usb/internal/agent/bridge.go:149.2,149.56 1 3
github.com/grethel-labs/kubelink-usb/internal/agent/bridge.go:149.56,151.3 1 1
github.com/grethel-labs/kubelink-usb/internal/agent/bridge.go:152.2,152.69 1 2
github.com/grethel-labs/kubelink-usb/internal/agent/client.go:24.91,25.18 1 5
github.com/grethel-labs/kubelink-usb/internal/agent/client.go:25.18,27.3 1 1
github.com/grethel-labs/kubelink-usb/internal/agent/client.go:28.2,28.17 1 4
github.com/grethel-labs/kubelink-usb/internal/agent/client.go:28.17,30.3 1 1
github.com/grethel-labs/kubelink-usb/internal/agent/client.go:32.2,34.16 3 3
github.com/grethel-labs/kubelink-usb/internal/agent/client.go:34.16,36.3 1 1
github.com/grethel-labs/kubelink-usb/internal/agent/client.go:38.2,39.24 2 2
github.com/grethel-labs/kubelink-usb/internal/agent/client.go:48.65,49.16 1 2
github.com/grethel-labs/kubelink-usb/internal/agent/client.go:49.16,51.3 1 1
github.com/grethel-labs/kubelink-usb/internal/agent/client.go:53.2,55.16 3 1
github.com/grethel-labs/kubelink-usb/internal/agent/client.go:55.16,57.3 1 0
github.com/grethel-labs/kubelink-usb/internal/agent/client.go:58.2,58.12 1 1
github.com/grethel-labs/kubelink-usb/internal/agent/client.go:61.41,62.21 1 4
github.com/grethel-labs/kubelink-usb/internal/agent/client.go:62.21,64.3 1 4
github.com/grethel-labs/kubelink-usb/internal/agent/client.go:65.2,65.22 1 0
github.com/grethel-labs/kubelink-usb/internal/agent/client.go:69.44,70.51 1 6
github.com/grethel-labs/kubelink-usb/internal/agent/client.go:70.51,72.93 2 9
github.com/grethel-labs/kubelink-usb/internal/agent/client.go:72.93,74.4 1 3
github.com/grethel-labs/kubelink-usb/internal/agent/client.go:76.2,76.11 1 3
github.com/grethel-labs/kubelink-usb/internal/agent/discovery.go:56.59,58.2 1 1
github.com/grethel-labs/kubelink-usb/internal/agent/discovery.go:61.92,63.16 2 1
github.com/grethel-labs/kubelink-usb/internal/agent/discovery.go:63.16,65.3 1 0
github.com/grethel-labs/kubelink-usb/internal/agent/discovery.go:66.2,66.19 1 1
github.com/grethel-labs/kubelink-usb/internal/agent/discovery.go:66.19,68.3 1 0
github.com/grethel-labs/kubelink-usb/internal/agent/discovery.go:70.2,81.37 2 1
github.com/grethel-labs/kubelink-usb/internal/agent/discovery.go:81.37,84.3 2 1
github.com/grethel-labs/kubelink-usb/internal/agent/discovery.go:85.2,85.15 1 0
github.com/grethel-labs/kubelink-usb/internal/agent/discovery.go:88.38,89.28 1 3
github.com/grethel-labs/kubelink-usb/internal/agent/discovery.go:89.28,90.39 1 4
github.com/grethel-labs/kubelink-usb/internal/agent/discovery.go:90.39,91.38 1 2
github.com/grethel-labs/kubelink-usb/internal/agent/discovery.go:91.38,92.13 1 1
github.com/grethel-labs/kubelink-usb/internal/agent/discovery.go:94.4,94.44 1 1
github.com/grethel-labs/kubelink-usb/internal/agent/discovery.go:96.3,96.42 1 2
github.com/grethel-labs/kubelink-usb/internal/agent/discovery.go:96.42,98.4 1 1
github.com/grethel-labs/kubelink-usb/internal/agent/discovery.go:100.2,100.12 1 1
github.com/grethel-labs/kubelink-usb/internal/agent/discovery.go:103.57,104.9 1 7
github.com/grethel-labs/kubelink-usb/internal/agent/discovery.go:105.45,106.27 1 4
github.com/grethel-labs/kubelink-usb/internal/agent/discovery.go:107.45,108.30 1 1
github.com/grethel-labs/kubelink-usb/internal/agent/discovery.go:109.10,110.30 1 2
github.com/grethel-labs/kubelink-usb/internal/agent/discovery.go:115.52,119.6 3 3
github.com/grethel-labs/kubelink-usb/internal/agent/discovery.go:119.6,120.10 1 5
github.com/grethel-labs/kubelink-usb/internal/agent/discovery.go:121.21,123.14 2 3
github.com/grethel-labs/kubelink-usb/internal/agent/discovery.go:124.38,125.11 1 0
github.com/grethel-labs/kubelink-usb/internal/agent/discovery.go:125.11,127.5 1 0
github.com/grethel-labs/kubelink-usb/internal/agent/discovery.go:128.4,128.48 1 0
github.com/grethel-labs/kubelink-usb/internal/agent/discovery.go:129.40,130.11 1 2
github.com/grethel-labs/kubelink-usb/internal/agent/discovery.go:130.11,132.5 1 0
github.com/grethel-labs/kubelink-usb/internal/agent/discovery.go:133.4,133.43 1 2
github.com/grethel-labs/kubelink-usb/internal/agent/discovery.go:133.43,134.13 1 0
github.com/grethel-labs/kubelink-usb/internal/agent/discovery.go:136.4,142.21 4 2
github.com/grethel-labs/kubelink-usb/internal/agent/discovery.go:142.21,143.72 1 2
github.com/grethel-labs/kubelink-usb/internal/agent/discovery.go:143.72,146.13 3 1
github.com/grethel-labs/kubelink-usb/internal/agent/discovery.go:147.24,148.19 1 0
github.com/grethel-labs/kubelink-usb/internal/agent/discovery.go:149.21,150.84 1 1
github.com/grethel-labs/kubelink-usb/internal/agent/discovery.go:150.84,152.8 1 0
github.com/grethel-labs/kubelink-usb/internal/agent/discovery.go:160.47,163.2 2 8
github.com/grethel-labs/kubelink-usb/internal/agent/server.go:19.92,26.2 6 1
github.com/grethel-labs/kubelink-usb/internal/agent/server.go:43.66,44.17 1 3
github.com/grethel-labs/kubelink-usb/internal/agent/server.go:44.17,46.3 1 1
github.com/grethel-labs/kubelink-usb/internal/agent/server.go:47.2,49.16 3 2
github.com/grethel-labs/kubelink-usb/internal/agent/server.go:49.16,51.3 1 1
github.com/grethel-labs/kubelink-usb/internal/agent/server.go:52.2,52.12 1 1
github.com/grethel-labs/kubelink-usb/internal/agent/server.go:61.68,62.17 1 2
github.com/grethel-labs/kubelink-usb/internal/agent/server.go:62.17,64.3 1 1
github.com/grethel-labs/kubelink-usb/internal/agent/server.go:65.2,67.16 3 1
github.com/grethel-labs/kubelink-usb/internal/agent/server.go:67.16,69.3 1 0
github.com/grethel-labs/kubelink-usb/internal/agent/server.go:70.2,70.12 1 1
github.com/grethel-labs/kubelink-usb/internal/agent/server.go:73.41,74.21 1 4
github.com/grethel-labs/kubelink-usb/internal/agent/server.go:74.21,76.3 1 3
github.com/grethel-labs/kubelink-usb/internal/agent/server.go:77.2,77.22 1 1
